1.6617 	WARNING 	Import Error: No module named 'psychtoolbox'. Using event module for keyboard component.
4.6638 	WARNING 	User requested fullscreen with size [1024  768], but screen is actually [1920, 1080]. Using actual size
5.7384 	EXP 	Created window1 = Window(allowGUI=False, allowStencil=False, args=UNKNOWN, autoLog=True, bitsMode=UNKNOWN, blendMode='avg', color=array([0., 0., 0.]), colorSpace='rgb', fullscr=<method-wrapper '__getattribute__' of attributeSetter object at 0x0000016246943400>, gamma=None, kwargs=UNKNOWN, lms=UNKNOWN, monitor=<psychopy.monitors.calibTools.Monitor object at 0x0000016246992A20>, multiSample=False, name='window1', numSamples=2, pos=[0.0, 0.0], screen=0, size=array([1920, 1080]), stereo=False, units='height', useFBO=True, useRetina=False, viewOri=0.0, viewPos=None, viewScale=None, waitBlanking=True, winType='pyglet')
5.7385 	EXP 	window1: recordFrameIntervals = False
5.9030 	EXP 	window1: recordFrameIntervals = True
6.0863 	EXP 	window1: recordFrameIntervals = False
6.1820 	EXP 	Created Inst_1 = TextStim(__class__=<class 'psychopy.visual.text.TextStim'>, alignHoriz='center', alignVert='center', antialias=True, autoLog=True, bold=False, color='white', colorSpace='named', contrast=1.0, depth=0.0, flipHoriz=False, flipVert=False, font='Arial', fontFiles=[], height=0.07, italic=False, languageStyle='LTR', name='Inst_1', opacity=1.0, ori=0, pos=array([0., 0.]), rgb=array([255., 255., 255.]), text=str(...), units='height', win=Window(...), wrapWidth=1)
6.1831 	EXP 	Created Clear_screen = TextStim(__class__=<class 'psychopy.visual.text.TextStim'>, alignHoriz='center', alignVert='center', antialias=True, autoLog=True, bold=False, color='white', colorSpace='named', contrast=1.0, depth=0.0, flipHoriz=False, flipVert=False, font='Arial', fontFiles=[], height=0.1, italic=False, languageStyle='LTR', name='Clear_screen', opacity=1.0, ori=0, pos=array([0., 0.]), rgb=array([255., 255., 255.]), text='', units='height', win=Window(...), wrapWidth=1)
6.1896 	EXP 	Created Fixation = TextStim(__class__=<class 'psychopy.visual.text.TextStim'>, alignHoriz='center', alignVert='center', antialias=True, autoLog=True, bold=False, color='white', colorSpace='named', contrast=1.0, depth=0.0, flipHoriz=False, flipVert=False, font='Arial', fontFiles=[], height=0.1, italic=False, languageStyle='LTR', name='Fixation', opacity=1.0, ori=0, pos=array([0., 0.]), rgb=array([255., 255., 255.]), text='+', units='height', win=Window(...), wrapWidth=1)
6.2985 	EXP 	Created stimuli.jpg = ImageStim(__class__=<class 'psychopy.visual.image.ImageStim'>, autoLog=True, color=array([1., 1., 1.]), colorSpace='rgb', contrast=1.0, depth=-1.0, flipHoriz=False, flipVert=False, image='stimuli.jpg', interpolate=True, mask=None, maskParams=None, name='stimuli.jpg', opacity=1.0, ori=0.0, pos=array([0., 0.]), size=array([0.5, 0.5]), texRes=128, units='height', win=Window(...))
6.3173 	EXP 	Created Inst_2 = TextStim(__class__=<class 'psychopy.visual.text.TextStim'>, alignHoriz='center', alignVert='center', antialias=True, autoLog=True, bold=False, color='white', colorSpace='named', contrast=1.0, depth=0.0, flipHoriz=False, flipVert=False, font='Arial', fontFiles=[], height=0.07, italic=False, languageStyle='LTR', name='Inst_2', opacity=1.0, ori=0, pos=array([0., 0.]), rgb=array([255., 255., 255.]), text=str(...), units='height', win=Window(...), wrapWidth=1)
6.3203 	EXP 	Created Fixation = TextStim(__class__=<class 'psychopy.visual.text.TextStim'>, alignHoriz='center', alignVert='center', antialias=True, autoLog=True, bold=False, color='white', colorSpace='named', contrast=1.0, depth=0.0, flipHoriz=False, flipVert=False, font='Arial', fontFiles=[], height=0.1, italic=False, languageStyle='LTR', name='Fixation', opacity=1.0, ori=0, pos=array([0., 0.]), rgb=array([255., 255., 255.]), text='+', units='height', win=Window(...), wrapWidth=1)
6.3976 	EXP 	Created stimuli.jpg = ImageStim(__class__=<class 'psychopy.visual.image.ImageStim'>, autoLog=True, color=array([1., 1., 1.]), colorSpace='rgb', contrast=1.0, depth=-1.0, flipHoriz=False, flipVert=False, image='stimuli.jpg', interpolate=True, mask=None, maskParams=None, name='stimuli.jpg', opacity=1.0, ori=0.0, pos=array([0., 0.]), size=array([0.5, 0.5]), texRes=128, units='height', win=Window(...))
6.3999 	EXP 	Created image = ImageStim(__class__=<class 'psychopy.visual.image.ImageStim'>, autoLog=True, color=array([1., 1., 1.]), colorSpace='rgb', contrast=1.0, depth=-1.0, flipHoriz=False, flipVert=False, image='sin', interpolate=True, mask=None, maskParams=None, name='image', opacity=1.0, ori=0.0, pos=array([0., 0.]), size=array([0.5, 0.5]), texRes=128, units='height', win=Window(...))
6.4124 	EXP 	Created End = TextStim(__class__=<class 'psychopy.visual.text.TextStim'>, alignHoriz='center', alignVert='center', antialias=True, autoLog=True, bold=False, color='white', colorSpace='named', contrast=1.0, depth=0.0, flipHoriz=False, flipVert=False, font='Arial', fontFiles=[], height=0.1, italic=False, languageStyle='LTR', name='End', opacity=1.0, ori=0, pos=array([0., 0.]), rgb=array([255., 255., 255.]), text='Koniec', units='height', win=Window(...), wrapWidth=1)
6.4184 	EXP 	Inst_1: autoDraw = True
6.9187 	DATA 	Keypress: return
6.9193 	EXP 	Created sequence: random, trialTypes=1, nReps=10, seed=None
6.9195 	EXP 	New trial (rep=0, index=0): None
6.9350 	EXP 	Inst_1: autoDraw = False
6.9350 	EXP 	Clear_screen: autoDraw = True
6.9517 	EXP 	Clear_screen: autoDraw = False
6.9517 	EXP 	Clear_screen: autoDraw = False
6.9517 	EXP 	stimuli.jpg: autoDraw = True
7.5854 	DATA 	Keypress: space
7.5886 	EXP 	New trial (rep=1, index=0): None
7.6028 	EXP 	stimuli.jpg: autoDraw = False
7.6028 	EXP 	Clear_screen: autoDraw = True
7.7519 	EXP 	Clear_screen: autoDraw = False
7.7519 	EXP 	Clear_screen: autoDraw = False
7.7519 	EXP 	stimuli.jpg: autoDraw = True
8.7358 	DATA 	Keypress: space
8.7386 	EXP 	New trial (rep=2, index=0): None
8.7526 	EXP 	stimuli.jpg: autoDraw = False
8.7526 	EXP 	stimuli.jpg: autoDraw = False
8.7526 	EXP 	Clear_screen: autoDraw = True
8.9182 	EXP 	Clear_screen: autoDraw = False
8.9182 	EXP 	Clear_screen: autoDraw = False
8.9182 	EXP 	stimuli.jpg: autoDraw = True
9.6364 	DATA 	Keypress: space
9.6410 	EXP 	New trial (rep=3, index=0): None
9.6529 	EXP 	stimuli.jpg: autoDraw = False
9.6529 	EXP 	Clear_screen: autoDraw = True
9.9510 	EXP 	Clear_screen: autoDraw = False
9.9510 	EXP 	Clear_screen: autoDraw = False
9.9510 	EXP 	stimuli.jpg: autoDraw = True
10.6348 	DATA 	Keypress: space
10.6376 	EXP 	New trial (rep=4, index=0): None
10.6512 	EXP 	stimuli.jpg: autoDraw = False
10.6512 	EXP 	Clear_screen: autoDraw = True
10.7510 	EXP 	Clear_screen: autoDraw = False
10.7510 	EXP 	Clear_screen: autoDraw = False
10.7510 	EXP 	stimuli.jpg: autoDraw = True
11.3029 	DATA 	Keypress: space
11.3072 	EXP 	New trial (rep=5, index=0): None
11.3190 	EXP 	stimuli.jpg: autoDraw = False
11.3190 	EXP 	Clear_screen: autoDraw = True
11.4018 	EXP 	Clear_screen: autoDraw = False
11.4018 	EXP 	Clear_screen: autoDraw = False
11.4018 	EXP 	stimuli.jpg: autoDraw = True
11.8696 	DATA 	Keypress: space
11.8738 	EXP 	New trial (rep=6, index=0): None
11.8855 	EXP 	stimuli.jpg: autoDraw = False
11.8855 	EXP 	Clear_screen: autoDraw = True
11.9684 	EXP 	Clear_screen: autoDraw = False
11.9684 	EXP 	Clear_screen: autoDraw = False
11.9684 	EXP 	stimuli.jpg: autoDraw = True
12.3530 	DATA 	Keypress: space
12.3733 	EXP 	New trial (rep=7, index=0): None
12.3854 	EXP 	stimuli.jpg: autoDraw = False
12.3854 	EXP 	Clear_screen: autoDraw = True
12.7015 	EXP 	Clear_screen: autoDraw = False
12.7015 	EXP 	Clear_screen: autoDraw = False
12.7015 	EXP 	stimuli.jpg: autoDraw = True
13.1521 	DATA 	Keypress: space
13.1590 	EXP 	New trial (rep=8, index=0): None
13.1692 	EXP 	stimuli.jpg: autoDraw = False
13.1692 	EXP 	Clear_screen: autoDraw = True
13.4852 	EXP 	Clear_screen: autoDraw = False
13.4852 	EXP 	Clear_screen: autoDraw = False
13.4852 	EXP 	stimuli.jpg: autoDraw = True
13.8521 	DATA 	Keypress: space
13.8565 	EXP 	New trial (rep=9, index=0): None
13.8685 	EXP 	stimuli.jpg: autoDraw = False
13.8685 	EXP 	Clear_screen: autoDraw = True
14.1178 	EXP 	Clear_screen: autoDraw = False
14.1178 	EXP 	Clear_screen: autoDraw = False
14.1178 	EXP 	stimuli.jpg: autoDraw = True
14.4519 	DATA 	Keypress: space
14.4684 	EXP 	stimuli.jpg: autoDraw = False
15.4860 	EXP 	Inst_2: autoDraw = True
16.1014 	DATA 	Keypress: escape
16.1775 	EXP 	window1: mouseVisible = True
1.6601 	WARNING 	Import Error: No module named 'psychtoolbox'. Using event module for keyboard component.
6.6876 	WARNING 	User requested fullscreen with size [1024  768], but screen is actually [1920, 1080]. Using actual size
7.5111 	EXP 	Created window1 = Window(allowGUI=False, allowStencil=False, args=UNKNOWN, autoLog=True, bitsMode=UNKNOWN, blendMode='avg', color=array([0., 0., 0.]), colorSpace='rgb', fullscr=<method-wrapper '__getattribute__' of attributeSetter object at 0x000001A7D41C3470>, gamma=None, kwargs=UNKNOWN, lms=UNKNOWN, monitor=<psychopy.monitors.calibTools.Monitor object at 0x000001A7D4212A90>, multiSample=False, name='window1', numSamples=2, pos=[0.0, 0.0], screen=0, size=array([1920, 1080]), stereo=False, units='height', useFBO=True, useRetina=False, viewOri=0.0, viewPos=None, viewScale=None, waitBlanking=True, winType='pyglet')
7.5112 	EXP 	window1: recordFrameIntervals = False
7.6768 	EXP 	window1: recordFrameIntervals = True
7.8604 	EXP 	window1: recordFrameIntervals = False
7.9687 	EXP 	Created Inst_1 = TextStim(__class__=<class 'psychopy.visual.text.TextStim'>, alignHoriz='center', alignVert='center', antialias=True, autoLog=True, bold=False, color='white', colorSpace='named', contrast=1.0, depth=0.0, flipHoriz=False, flipVert=False, font='Arial', fontFiles=[], height=0.07, italic=False, languageStyle='LTR', name='Inst_1', opacity=1.0, ori=0, pos=array([0., 0.]), rgb=array([255., 255., 255.]), text=str(...), units='height', win=Window(...), wrapWidth=1)
7.9700 	EXP 	Created Clear_screen = TextStim(__class__=<class 'psychopy.visual.text.TextStim'>, alignHoriz='center', alignVert='center', antialias=True, autoLog=True, bold=False, color='white', colorSpace='named', contrast=1.0, depth=0.0, flipHoriz=False, flipVert=False, font='Arial', fontFiles=[], height=0.1, italic=False, languageStyle='LTR', name='Clear_screen', opacity=1.0, ori=0, pos=array([0., 0.]), rgb=array([255., 255., 255.]), text='', units='height', win=Window(...), wrapWidth=1)
7.9774 	EXP 	Created Fixation = TextStim(__class__=<class 'psychopy.visual.text.TextStim'>, alignHoriz='center', alignVert='center', antialias=True, autoLog=True, bold=False, color='white', colorSpace='named', contrast=1.0, depth=0.0, flipHoriz=False, flipVert=False, font='Arial', fontFiles=[], height=0.1, italic=False, languageStyle='LTR', name='Fixation', opacity=1.0, ori=0, pos=array([0., 0.]), rgb=array([255., 255., 255.]), text='+', units='height', win=Window(...), wrapWidth=1)
8.0075 	EXP 	Created stimuli.jpg = ImageStim(__class__=<class 'psychopy.visual.image.ImageStim'>, autoLog=True, color=array([1., 1., 1.]), colorSpace='rgb', contrast=1.0, depth=-1.0, flipHoriz=False, flipVert=False, image='stimuli.jpg', interpolate=True, mask=None, maskParams=None, name='stimuli.jpg', opacity=1.0, ori=0.0, pos=array([0., 0.]), size=array([0.5, 0.5]), texRes=128, units='height', win=Window(...))
8.0251 	EXP 	Created Inst_2 = TextStim(__class__=<class 'psychopy.visual.text.TextStim'>, alignHoriz='center', alignVert='center', antialias=True, autoLog=True, bold=False, color='white', colorSpace='named', contrast=1.0, depth=0.0, flipHoriz=False, flipVert=False, font='Arial', fontFiles=[], height=0.07, italic=False, languageStyle='LTR', name='Inst_2', opacity=1.0, ori=0, pos=array([0., 0.]), rgb=array([255., 255., 255.]), text=str(...), units='height', win=Window(...), wrapWidth=1)
8.0273 	EXP 	Created Fixation = TextStim(__class__=<class 'psychopy.visual.text.TextStim'>, alignHoriz='center', alignVert='center', antialias=True, autoLog=True, bold=False, color='white', colorSpace='named', contrast=1.0, depth=0.0, flipHoriz=False, flipVert=False, font='Arial', fontFiles=[], height=0.1, italic=False, languageStyle='LTR', name='Fixation', opacity=1.0, ori=0, pos=array([0., 0.]), rgb=array([255., 255., 255.]), text='+', units='height', win=Window(...), wrapWidth=1)
8.0558 	EXP 	Created stimuli.jpg = ImageStim(__class__=<class 'psychopy.visual.image.ImageStim'>, autoLog=True, color=array([1., 1., 1.]), colorSpace='rgb', contrast=1.0, depth=-1.0, flipHoriz=False, flipVert=False, image='stimuli.jpg', interpolate=True, mask=None, maskParams=None, name='stimuli.jpg', opacity=1.0, ori=0.0, pos=array([0., 0.]), size=array([0.5, 0.5]), texRes=128, units='height', win=Window(...))
8.0574 	EXP 	Created image = ImageStim(__class__=<class 'psychopy.visual.image.ImageStim'>, autoLog=True, color=array([1., 1., 1.]), colorSpace='rgb', contrast=1.0, depth=-1.0, flipHoriz=False, flipVert=False, image='sin', interpolate=True, mask=None, maskParams=None, name='image', opacity=1.0, ori=0.0, pos=array([0., 0.]), size=array([0.5, 0.5]), texRes=128, units='height', win=Window(...))
8.0667 	EXP 	Created End = TextStim(__class__=<class 'psychopy.visual.text.TextStim'>, alignHoriz='center', alignVert='center', antialias=True, autoLog=True, bold=False, color='white', colorSpace='named', contrast=1.0, depth=0.0, flipHoriz=False, flipVert=False, font='Arial', fontFiles=[], height=0.1, italic=False, languageStyle='LTR', name='End', opacity=1.0, ori=0, pos=array([0., 0.]), rgb=array([255., 255., 255.]), text='Koniec', units='height', win=Window(...), wrapWidth=1)
8.0725 	EXP 	Inst_1: autoDraw = True
8.6426 	DATA 	Keypress: return
8.6432 	EXP 	Created sequence: random, trialTypes=1, nReps=10, seed=None
8.6434 	EXP 	New trial (rep=0, index=0): None
8.6591 	EXP 	Inst_1: autoDraw = False
8.6591 	EXP 	Clear_screen: autoDraw = True
8.9762 	EXP 	Clear_screen: autoDraw = False
8.9762 	EXP 	Clear_screen: autoDraw = False
8.9762 	EXP 	stimuli.jpg: autoDraw = True
9.5937 	DATA 	Keypress: space
9.5979 	EXP 	New trial (rep=1, index=0): None
9.6096 	EXP 	stimuli.jpg: autoDraw = False
9.6096 	EXP 	Clear_screen: autoDraw = True
9.6762 	EXP 	Clear_screen: autoDraw = False
9.6762 	EXP 	Clear_screen: autoDraw = False
9.6762 	EXP 	stimuli.jpg: autoDraw = True
10.1767 	DATA 	Keypress: space
10.1797 	EXP 	New trial (rep=2, index=0): None
10.1934 	EXP 	stimuli.jpg: autoDraw = False
10.1934 	EXP 	Clear_screen: autoDraw = True
10.2440 	EXP 	Clear_screen: autoDraw = False
10.2440 	EXP 	Clear_screen: autoDraw = False
10.2440 	EXP 	stimuli.jpg: autoDraw = True
10.6106 	DATA 	Keypress: escape
10.6999 	EXP 	window1: mouseVisible = True
