1.5951 	WARNING 	Import Error: No module named 'psychtoolbox'. Using event module for keyboard component.
4.8834 	WARNING 	User requested fullscreen with size [1024  768], but screen is actually [1920, 1080]. Using actual size
5.7994 	EXP 	Created window1 = Window(allowGUI=False, allowStencil=False, args=UNKNOWN, autoLog=True, bitsMode=UNKNOWN, blendMode='avg', color=array([0., 0., 0.]), colorSpace='rgb', fullscr=<method-wrapper '__getattribute__' of attributeSetter object at 0x000001D21285F550>, gamma=None, kwargs=UNKNOWN, lms=UNKNOWN, monitor=<psychopy.monitors.calibTools.Monitor object at 0x000001D2128B3BA8>, multiSample=False, name='window1', numSamples=2, pos=[0.0, 0.0], screen=0, size=array([1920, 1080]), stereo=False, units='height', useFBO=True, useRetina=False, viewOri=0.0, viewPos=None, viewScale=None, waitBlanking=True, winType='pyglet')
5.7995 	EXP 	window1: recordFrameIntervals = False
5.9654 	EXP 	window1: recordFrameIntervals = True
6.1477 	EXP 	window1: recordFrameIntervals = False
6.2718 	EXP 	Created Inst_1 = TextStim(__class__=<class 'psychopy.visual.text.TextStim'>, alignHoriz='center', alignVert='center', antialias=True, autoLog=True, bold=False, color='white', colorSpace='named', contrast=1.0, depth=0.0, flipHoriz=False, flipVert=False, font='Arial', fontFiles=[], height=0.07, italic=False, languageStyle='LTR', name='Inst_1', opacity=1.0, ori=0, pos=array([0., 0.]), rgb=array([255., 255., 255.]), text=str(...), units='height', win=Window(...), wrapWidth=1)
6.2729 	EXP 	Created Clear_screen = TextStim(__class__=<class 'psychopy.visual.text.TextStim'>, alignHoriz='center', alignVert='center', antialias=True, autoLog=True, bold=False, color='white', colorSpace='named', contrast=1.0, depth=0.0, flipHoriz=False, flipVert=False, font='Arial', fontFiles=[], height=0.1, italic=False, languageStyle='LTR', name='Clear_screen', opacity=1.0, ori=0, pos=array([0., 0.]), rgb=array([255., 255., 255.]), text='', units='height', win=Window(...), wrapWidth=1)
6.2794 	EXP 	Created Fixation = TextStim(__class__=<class 'psychopy.visual.text.TextStim'>, alignHoriz='center', alignVert='center', antialias=True, autoLog=True, bold=False, color='white', colorSpace='named', contrast=1.0, depth=0.0, flipHoriz=False, flipVert=False, font='Arial', fontFiles=[], height=0.1, italic=False, languageStyle='LTR', name='Fixation', opacity=1.0, ori=0, pos=array([0., 0.]), rgb=array([255., 255., 255.]), text='+', units='height', win=Window(...), wrapWidth=1)
6.3929 	EXP 	Created stimuli.jpg = ImageStim(__class__=<class 'psychopy.visual.image.ImageStim'>, autoLog=True, color=array([1., 1., 1.]), colorSpace='rgb', contrast=1.0, depth=-1.0, flipHoriz=False, flipVert=False, image='stimuli.jpg', interpolate=True, mask=None, maskParams=None, name='stimuli.jpg', opacity=1.0, ori=0.0, pos=array([0., 0.]), size=array([0.5, 0.5]), texRes=128, units='height', win=Window(...))
6.4112 	EXP 	Created Inst_2 = TextStim(__class__=<class 'psychopy.visual.text.TextStim'>, alignHoriz='center', alignVert='center', antialias=True, autoLog=True, bold=False, color='white', colorSpace='named', contrast=1.0, depth=0.0, flipHoriz=False, flipVert=False, font='Arial', fontFiles=[], height=0.07, italic=False, languageStyle='LTR', name='Inst_2', opacity=1.0, ori=0, pos=array([0., 0.]), rgb=array([255., 255., 255.]), text=str(...), units='height', win=Window(...), wrapWidth=1)
6.4138 	EXP 	Created Fixation = TextStim(__class__=<class 'psychopy.visual.text.TextStim'>, alignHoriz='center', alignVert='center', antialias=True, autoLog=True, bold=False, color='white', colorSpace='named', contrast=1.0, depth=0.0, flipHoriz=False, flipVert=False, font='Arial', fontFiles=[], height=0.1, italic=False, languageStyle='LTR', name='Fixation', opacity=1.0, ori=0, pos=array([0., 0.]), rgb=array([255., 255., 255.]), text='+', units='height', win=Window(...), wrapWidth=1)
6.4925 	EXP 	Created stimuli.jpg = ImageStim(__class__=<class 'psychopy.visual.image.ImageStim'>, autoLog=True, color=array([1., 1., 1.]), colorSpace='rgb', contrast=1.0, depth=-1.0, flipHoriz=False, flipVert=False, image='stimuli.jpg', interpolate=True, mask=None, maskParams=None, name='stimuli.jpg', opacity=1.0, ori=0.0, pos=array([0., 0.]), size=array([0.5, 0.5]), texRes=128, units='height', win=Window(...))
6.4948 	EXP 	Created image = ImageStim(__class__=<class 'psychopy.visual.image.ImageStim'>, autoLog=True, color=array([1., 1., 1.]), colorSpace='rgb', contrast=1.0, depth=-1.0, flipHoriz=False, flipVert=False, image='sin', interpolate=True, mask=None, maskParams=None, name='image', opacity=1.0, ori=0.0, pos=array([0., 0.]), size=array([0.5, 0.5]), texRes=128, units='height', win=Window(...))
6.5060 	EXP 	Created End = TextStim(__class__=<class 'psychopy.visual.text.TextStim'>, alignHoriz='center', alignVert='center', antialias=True, autoLog=True, bold=False, color='white', colorSpace='named', contrast=1.0, depth=0.0, flipHoriz=False, flipVert=False, font='Arial', fontFiles=[], height=0.1, italic=False, languageStyle='LTR', name='End', opacity=1.0, ori=0, pos=array([0., 0.]), rgb=array([255., 255., 255.]), text='Koniec', units='height', win=Window(...), wrapWidth=1)
6.5116 	EXP 	Inst_1: autoDraw = True
7.2966 	DATA 	Keypress: return
7.2972 	EXP 	Created sequence: random, trialTypes=1, nReps=10, seed=None
7.2974 	EXP 	New trial (rep=0, index=0): None
7.3129 	EXP 	Inst_1: autoDraw = False
7.3129 	EXP 	Clear_screen: autoDraw = True
8.3139 	EXP 	Clear_screen: autoDraw = False
8.3139 	EXP 	stimuli.jpg: autoDraw = True
8.6648 	DATA 	Keypress: space
8.6700 	EXP 	New trial (rep=1, index=0): None
8.6798 	EXP 	stimuli.jpg: autoDraw = False
8.6798 	EXP 	Clear_screen: autoDraw = True
11.3290 	EXP 	Clear_screen: autoDraw = False
11.3290 	EXP 	stimuli.jpg: autoDraw = True
11.6639 	DATA 	Keypress: space
11.6680 	EXP 	New trial (rep=2, index=0): None
11.6804 	EXP 	stimuli.jpg: autoDraw = False
11.6804 	EXP 	Clear_screen: autoDraw = True
14.3132 	EXP 	Clear_screen: autoDraw = False
14.3132 	EXP 	stimuli.jpg: autoDraw = True
14.6970 	DATA 	Keypress: space
14.7024 	EXP 	New trial (rep=3, index=0): None
14.7129 	EXP 	stimuli.jpg: autoDraw = False
14.7129 	EXP 	Clear_screen: autoDraw = True
16.7122 	EXP 	Clear_screen: autoDraw = False
16.7122 	EXP 	Clear_screen: autoDraw = False
16.7122 	EXP 	stimuli.jpg: autoDraw = True
17.0466 	DATA 	Keypress: space
17.0513 	EXP 	New trial (rep=4, index=0): None
17.0624 	EXP 	stimuli.jpg: autoDraw = False
17.0624 	EXP 	Clear_screen: autoDraw = True
20.0609 	EXP 	Clear_screen: autoDraw = False
20.0609 	EXP 	Clear_screen: autoDraw = False
20.0609 	EXP 	stimuli.jpg: autoDraw = True
20.3282 	DATA 	Keypress: space
20.3319 	EXP 	New trial (rep=5, index=0): None
20.3442 	EXP 	stimuli.jpg: autoDraw = False
20.3442 	EXP 	Clear_screen: autoDraw = True
22.3437 	EXP 	Clear_screen: autoDraw = False
22.3437 	EXP 	Clear_screen: autoDraw = False
22.3437 	EXP 	stimuli.jpg: autoDraw = True
22.7621 	DATA 	Keypress: space
22.7677 	EXP 	New trial (rep=6, index=0): None
22.7779 	EXP 	stimuli.jpg: autoDraw = False
22.7779 	EXP 	Clear_screen: autoDraw = True
24.7773 	EXP 	Clear_screen: autoDraw = False
24.7773 	EXP 	Clear_screen: autoDraw = False
24.7773 	EXP 	stimuli.jpg: autoDraw = True
25.0783 	DATA 	Keypress: space
25.0838 	EXP 	New trial (rep=7, index=0): None
25.0936 	EXP 	stimuli.jpg: autoDraw = False
25.0936 	EXP 	Clear_screen: autoDraw = True
28.0929 	EXP 	Clear_screen: autoDraw = False
28.0929 	EXP 	Clear_screen: autoDraw = False
28.0929 	EXP 	stimuli.jpg: autoDraw = True
28.3616 	DATA 	Keypress: space
28.3673 	EXP 	New trial (rep=8, index=0): None
28.3772 	EXP 	stimuli.jpg: autoDraw = False
28.3772 	EXP 	Clear_screen: autoDraw = True
30.7283 	DATA 	Mouse: Left button down, pos=(798,719)
31.3108 	DATA 	Mouse:  Left button up, pos=(798,714)
31.3755 	EXP 	Clear_screen: autoDraw = False
31.3755 	EXP 	Clear_screen: autoDraw = False
31.3755 	EXP 	stimuli.jpg: autoDraw = True
31.7104 	DATA 	Keypress: space
31.7161 	EXP 	New trial (rep=9, index=0): None
31.7261 	EXP 	stimuli.jpg: autoDraw = False
31.7261 	EXP 	Clear_screen: autoDraw = True
33.7246 	EXP 	Clear_screen: autoDraw = False
33.7246 	EXP 	Clear_screen: autoDraw = False
33.7246 	EXP 	stimuli.jpg: autoDraw = True
34.0754 	DATA 	Keypress: space
34.0919 	EXP 	stimuli.jpg: autoDraw = False
34.4753 	DATA 	Keypress: escape
34.5711 	EXP 	window1: mouseVisible = True
1.6013 	WARNING 	Import Error: No module named 'psychtoolbox'. Using event module for keyboard component.
5.3678 	WARNING 	User requested fullscreen with size [1024  768], but screen is actually [1920, 1080]. Using actual size
6.1678 	EXP 	Created window1 = Window(allowGUI=False, allowStencil=False, args=UNKNOWN, autoLog=True, bitsMode=UNKNOWN, blendMode='avg', color=array([0., 0., 0.]), colorSpace='rgb', fullscr=<method-wrapper '__getattribute__' of attributeSetter object at 0x00000144533DF4E0>, gamma=None, kwargs=UNKNOWN, lms=UNKNOWN, monitor=<psychopy.monitors.calibTools.Monitor object at 0x0000014453432B00>, multiSample=False, name='window1', numSamples=2, pos=[0.0, 0.0], screen=0, size=array([1920, 1080]), stereo=False, units='height', useFBO=True, useRetina=False, viewOri=0.0, viewPos=None, viewScale=None, waitBlanking=True, winType='pyglet')
6.1679 	EXP 	window1: recordFrameIntervals = False
6.2005 	DATA 	Keypress: space
6.3329 	EXP 	window1: recordFrameIntervals = True
6.5167 	EXP 	window1: recordFrameIntervals = False
6.6494 	EXP 	Created Inst_1 = TextStim(__class__=<class 'psychopy.visual.text.TextStim'>, alignHoriz='center', alignVert='center', antialias=True, autoLog=True, bold=False, color='white', colorSpace='named', contrast=1.0, depth=0.0, flipHoriz=False, flipVert=False, font='Arial', fontFiles=[], height=0.07, italic=False, languageStyle='LTR', name='Inst_1', opacity=1.0, ori=0, pos=array([0., 0.]), rgb=array([255., 255., 255.]), text=str(...), units='height', win=Window(...), wrapWidth=1)
6.6506 	EXP 	Created Clear_screen = TextStim(__class__=<class 'psychopy.visual.text.TextStim'>, alignHoriz='center', alignVert='center', antialias=True, autoLog=True, bold=False, color='white', colorSpace='named', contrast=1.0, depth=0.0, flipHoriz=False, flipVert=False, font='Arial', fontFiles=[], height=0.1, italic=False, languageStyle='LTR', name='Clear_screen', opacity=1.0, ori=0, pos=array([0., 0.]), rgb=array([255., 255., 255.]), text='', units='height', win=Window(...), wrapWidth=1)
6.6570 	EXP 	Created Fixation = TextStim(__class__=<class 'psychopy.visual.text.TextStim'>, alignHoriz='center', alignVert='center', antialias=True, autoLog=True, bold=False, color='white', colorSpace='named', contrast=1.0, depth=0.0, flipHoriz=False, flipVert=False, font='Arial', fontFiles=[], height=0.1, italic=False, languageStyle='LTR', name='Fixation', opacity=1.0, ori=0, pos=array([0., 0.]), rgb=array([255., 255., 255.]), text='+', units='height', win=Window(...), wrapWidth=1)
6.6869 	EXP 	Created stimuli.jpg = ImageStim(__class__=<class 'psychopy.visual.image.ImageStim'>, autoLog=True, color=array([1., 1., 1.]), colorSpace='rgb', contrast=1.0, depth=-1.0, flipHoriz=False, flipVert=False, image='stimuli.jpg', interpolate=True, mask=None, maskParams=None, name='stimuli.jpg', opacity=1.0, ori=0.0, pos=array([0., 0.]), size=array([0.5, 0.5]), texRes=128, units='height', win=Window(...))
6.7060 	EXP 	Created Inst_2 = TextStim(__class__=<class 'psychopy.visual.text.TextStim'>, alignHoriz='center', alignVert='center', antialias=True, autoLog=True, bold=False, color='white', colorSpace='named', contrast=1.0, depth=0.0, flipHoriz=False, flipVert=False, font='Arial', fontFiles=[], height=0.07, italic=False, languageStyle='LTR', name='Inst_2', opacity=1.0, ori=0, pos=array([0., 0.]), rgb=array([255., 255., 255.]), text=str(...), units='height', win=Window(...), wrapWidth=1)
6.7078 	EXP 	Created Fixation = TextStim(__class__=<class 'psychopy.visual.text.TextStim'>, alignHoriz='center', alignVert='center', antialias=True, autoLog=True, bold=False, color='white', colorSpace='named', contrast=1.0, depth=0.0, flipHoriz=False, flipVert=False, font='Arial', fontFiles=[], height=0.1, italic=False, languageStyle='LTR', name='Fixation', opacity=1.0, ori=0, pos=array([0., 0.]), rgb=array([255., 255., 255.]), text='+', units='height', win=Window(...), wrapWidth=1)
6.7387 	EXP 	Created stimuli.jpg = ImageStim(__class__=<class 'psychopy.visual.image.ImageStim'>, autoLog=True, color=array([1., 1., 1.]), colorSpace='rgb', contrast=1.0, depth=-1.0, flipHoriz=False, flipVert=False, image='stimuli.jpg', interpolate=True, mask=None, maskParams=None, name='stimuli.jpg', opacity=1.0, ori=0.0, pos=array([0., 0.]), size=array([0.5, 0.5]), texRes=128, units='height', win=Window(...))
6.7402 	EXP 	Created image = ImageStim(__class__=<class 'psychopy.visual.image.ImageStim'>, autoLog=True, color=array([1., 1., 1.]), colorSpace='rgb', contrast=1.0, depth=-1.0, flipHoriz=False, flipVert=False, image='sin', interpolate=True, mask=None, maskParams=None, name='image', opacity=1.0, ori=0.0, pos=array([0., 0.]), size=array([0.5, 0.5]), texRes=128, units='height', win=Window(...))
6.7518 	EXP 	Created End = TextStim(__class__=<class 'psychopy.visual.text.TextStim'>, alignHoriz='center', alignVert='center', antialias=True, autoLog=True, bold=False, color='white', colorSpace='named', contrast=1.0, depth=0.0, flipHoriz=False, flipVert=False, font='Arial', fontFiles=[], height=0.1, italic=False, languageStyle='LTR', name='End', opacity=1.0, ori=0, pos=array([0., 0.]), rgb=array([255., 255., 255.]), text='Koniec', units='height', win=Window(...), wrapWidth=1)
6.7571 	EXP 	Inst_1: autoDraw = True
7.3156 	DATA 	Keypress: return
7.3162 	EXP 	Created sequence: random, trialTypes=1, nReps=10, seed=None
7.3164 	EXP 	New trial (rep=0, index=0): None
7.3313 	EXP 	Inst_1: autoDraw = False
7.3313 	EXP 	Clear_screen: autoDraw = True
8.3326 	EXP 	Clear_screen: autoDraw = False
8.3326 	EXP 	stimuli.jpg: autoDraw = True
8.6337 	DATA 	Keypress: space
8.6398 	EXP 	New trial (rep=1, index=0): None
8.6494 	EXP 	stimuli.jpg: autoDraw = False
8.6494 	EXP 	Clear_screen: autoDraw = True
10.6481 	EXP 	Clear_screen: autoDraw = False
10.6481 	EXP 	Clear_screen: autoDraw = False
10.6481 	EXP 	stimuli.jpg: autoDraw = True
10.9323 	DATA 	Keypress: space
10.9360 	EXP 	New trial (rep=2, index=0): None
10.9489 	EXP 	stimuli.jpg: autoDraw = False
10.9489 	EXP 	Clear_screen: autoDraw = True
13.9479 	EXP 	Clear_screen: autoDraw = False
13.9479 	EXP 	Clear_screen: autoDraw = False
13.9479 	EXP 	stimuli.jpg: autoDraw = True
14.2158 	DATA 	Keypress: space
14.2205 	EXP 	New trial (rep=3, index=0): None
14.2316 	EXP 	stimuli.jpg: autoDraw = False
14.2316 	EXP 	Clear_screen: autoDraw = True
16.2311 	EXP 	Clear_screen: autoDraw = False
16.2311 	EXP 	Clear_screen: autoDraw = False
16.2311 	EXP 	stimuli.jpg: autoDraw = True
16.6333 	DATA 	Keypress: space
16.6389 	EXP 	New trial (rep=4, index=0): None
16.6483 	EXP 	stimuli.jpg: autoDraw = False
16.6483 	EXP 	Clear_screen: autoDraw = True
19.6461 	EXP 	Clear_screen: autoDraw = False
19.6461 	EXP 	Clear_screen: autoDraw = False
19.6461 	EXP 	stimuli.jpg: autoDraw = True
19.9301 	DATA 	Keypress: space
19.9331 	EXP 	New trial (rep=5, index=0): None
19.9465 	EXP 	stimuli.jpg: autoDraw = False
19.9465 	EXP 	Clear_screen: autoDraw = True
22.9461 	EXP 	Clear_screen: autoDraw = False
22.9461 	EXP 	Clear_screen: autoDraw = False
22.9461 	EXP 	stimuli.jpg: autoDraw = True
23.2145 	DATA 	Keypress: space
23.2207 	EXP 	New trial (rep=6, index=0): None
23.2301 	EXP 	stimuli.jpg: autoDraw = False
23.2301 	EXP 	Clear_screen: autoDraw = True
26.2283 	EXP 	Clear_screen: autoDraw = False
26.2283 	EXP 	Clear_screen: autoDraw = False
26.2283 	EXP 	stimuli.jpg: autoDraw = True
26.4962 	DATA 	Keypress: space
26.5029 	EXP 	New trial (rep=7, index=0): None
26.5124 	EXP 	stimuli.jpg: autoDraw = False
26.5124 	EXP 	Clear_screen: autoDraw = True
28.5108 	EXP 	Clear_screen: autoDraw = False
28.5108 	EXP 	Clear_screen: autoDraw = False
28.5108 	EXP 	stimuli.jpg: autoDraw = True
29.5108 	EXP 	stimuli.jpg: autoDraw = False
30.4966 	EXP 	New trial (rep=8, index=0): None
30.5103 	EXP 	stimuli.jpg: autoDraw = False
30.5103 	EXP 	Clear_screen: autoDraw = True
32.3434 	EXP 	Clear_screen: autoDraw = False
32.3434 	EXP 	stimuli.jpg: autoDraw = True
33.3429 	EXP 	stimuli.jpg: autoDraw = False
34.3289 	EXP 	New trial (rep=9, index=0): None
34.3427 	EXP 	stimuli.jpg: autoDraw = False
34.3427 	EXP 	Clear_screen: autoDraw = True
35.3430 	EXP 	Clear_screen: autoDraw = False
35.3430 	EXP 	stimuli.jpg: autoDraw = True
35.9947 	DATA 	Keypress: space
36.0105 	EXP 	stimuli.jpg: autoDraw = False
37.0259 	EXP 	Inst_2: autoDraw = True
38.3928 	DATA 	Keypress: escape
38.4516 	EXP 	window1: mouseVisible = True
