1.4109 	WARNING 	Import Error: No module named 'psychtoolbox'. Using event module for keyboard component.
5.7466 	WARNING 	User requested fullscreen with size [1024  768], but screen is actually [1920, 1080]. Using actual size
6.5757 	EXP 	Created window1 = Window(allowGUI=False, allowStencil=False, args=UNKNOWN, autoLog=True, bitsMode=UNKNOWN, blendMode='avg', color=array([0., 0., 0.]), colorSpace='rgb', fullscr=<method-wrapper '__getattribute__' of attributeSetter object at 0x00000227935027B8>, gamma=None, kwargs=UNKNOWN, lms=UNKNOWN, monitor=<psychopy.monitors.calibTools.Monitor object at 0x0000022793554E10>, multiSample=False, name='window1', numSamples=2, pos=[0.0, 0.0], screen=0, size=array([1920, 1080]), stereo=False, units='height', useFBO=True, useRetina=False, viewOri=0.0, viewPos=None, viewScale=None, waitBlanking=True, winType='pyglet')
6.5757 	EXP 	window1: recordFrameIntervals = False
6.7418 	EXP 	window1: recordFrameIntervals = True
6.9255 	EXP 	window1: recordFrameIntervals = False
7.0606 	EXP 	Created Inst_1 = TextStim(__class__=<class 'psychopy.visual.text.TextStim'>, alignHoriz='center', alignVert='center', antialias=True, autoLog=True, bold=False, color='white', colorSpace='named', contrast=1.0, depth=0.0, flipHoriz=False, flipVert=False, font='Arial', fontFiles=[], height=0.07, italic=False, languageStyle='LTR', name='Inst_1', opacity=1.0, ori=0, pos=array([0., 0.]), rgb=array([255., 255., 255.]), text=str(...), units='height', win=Window(...), wrapWidth=1)
7.0619 	EXP 	Created Clear_screen = TextStim(__class__=<class 'psychopy.visual.text.TextStim'>, alignHoriz='center', alignVert='center', antialias=True, autoLog=True, bold=False, color='white', colorSpace='named', contrast=1.0, depth=0.0, flipHoriz=False, flipVert=False, font='Arial', fontFiles=[], height=0.1, italic=False, languageStyle='LTR', name='Clear_screen', opacity=1.0, ori=0, pos=array([0., 0.]), rgb=array([255., 255., 255.]), text='', units='height', win=Window(...), wrapWidth=1)
7.0686 	EXP 	Created Fixation = TextStim(__class__=<class 'psychopy.visual.text.TextStim'>, alignHoriz='center', alignVert='center', antialias=True, autoLog=True, bold=False, color='white', colorSpace='named', contrast=1.0, depth=0.0, flipHoriz=False, flipVert=False, font='Arial', fontFiles=[], height=0.1, italic=False, languageStyle='LTR', name='Fixation', opacity=1.0, ori=0, pos=array([0., 0.]), rgb=array([255., 255., 255.]), text='+', units='height', win=Window(...), wrapWidth=1)
7.0815 	EXP 	Created Stimulus = TextStim(__class__=<class 'psychopy.visual.text.TextStim'>, alignHoriz='center', alignVert='center', antialias=True, autoLog=True, bold=False, color='white', colorSpace='named', contrast=1.0, depth=0.0, flipHoriz=False, flipVert=False, font='Arial', fontFiles=[], height=0.1, italic=False, languageStyle='LTR', name='Stimulus', opacity=1.0, ori=0, pos=array([0., 0.]), rgb=array([255., 255., 255.]), text='Bodziec ', units='height', win=Window(...), wrapWidth=1)
7.0971 	EXP 	Created Inst_2 = TextStim(__class__=<class 'psychopy.visual.text.TextStim'>, alignHoriz='center', alignVert='center', antialias=True, autoLog=True, bold=False, color='white', colorSpace='named', contrast=1.0, depth=0.0, flipHoriz=False, flipVert=False, font='Arial', fontFiles=[], height=0.1, italic=False, languageStyle='LTR', name='Inst_2', opacity=1.0, ori=0, pos=array([0., 0.]), rgb=array([255., 255., 255.]), text='Instrukcja 2', units='height', win=Window(...), wrapWidth=1)
7.0989 	EXP 	Created Fixation = TextStim(__class__=<class 'psychopy.visual.text.TextStim'>, alignHoriz='center', alignVert='center', antialias=True, autoLog=True, bold=False, color='white', colorSpace='named', contrast=1.0, depth=0.0, flipHoriz=False, flipVert=False, font='Arial', fontFiles=[], height=0.1, italic=False, languageStyle='LTR', name='Fixation', opacity=1.0, ori=0, pos=array([0., 0.]), rgb=array([255., 255., 255.]), text='+', units='height', win=Window(...), wrapWidth=1)
7.1022 	EXP 	Created Bodziec = TextStim(__class__=<class 'psychopy.visual.text.TextStim'>, alignHoriz='center', alignVert='center', antialias=True, autoLog=True, bold=False, color='white', colorSpace='named', contrast=1.0, depth=0.0, flipHoriz=False, flipVert=False, font='Arial', fontFiles=[], height=0.1, italic=False, languageStyle='LTR', name='Bodziec', opacity=1.0, ori=0, pos=array([0., 0.]), rgb=array([255., 255., 255.]), text='Bodziec', units='height', win=Window(...), wrapWidth=1)
7.1058 	EXP 	Created image = ImageStim(__class__=<class 'psychopy.visual.image.ImageStim'>, autoLog=True, color=array([1., 1., 1.]), colorSpace='rgb', contrast=1.0, depth=-1.0, flipHoriz=False, flipVert=False, image='sin', interpolate=True, mask=None, maskParams=None, name='image', opacity=1.0, ori=0.0, pos=array([0., 0.]), size=array([0.5, 0.5]), texRes=128, units='height', win=Window(...))
7.1118 	EXP 	Created End = TextStim(__class__=<class 'psychopy.visual.text.TextStim'>, alignHoriz='center', alignVert='center', antialias=True, autoLog=True, bold=False, color='white', colorSpace='named', contrast=1.0, depth=0.0, flipHoriz=False, flipVert=False, font='Arial', fontFiles=[], height=0.1, italic=False, languageStyle='LTR', name='End', opacity=1.0, ori=0, pos=array([0., 0.]), rgb=array([255., 255., 255.]), text='Koniec', units='height', win=Window(...), wrapWidth=1)
7.1178 	EXP 	Inst_1: autoDraw = True
7.9582 	DATA 	Keypress: space
7.9746 	EXP 	Inst_1: autoDraw = False
7.9746 	EXP 	Clear_screen: autoDraw = True
8.9581 	EXP 	Created sequence: random, trialTypes=1, nReps=10, seed=None
8.9584 	EXP 	New trial (rep=0, index=0): None
8.9743 	EXP 	Clear_screen: autoDraw = False
8.9743 	EXP 	Clear_screen: autoDraw = False
9.9907 	EXP 	Fixation: autoDraw = True
10.4739 	EXP 	Fixation: autoDraw = False
10.4739 	EXP 	Fixation: autoDraw = False
10.4739 	EXP 	Stimulus: autoDraw = True
10.7414 	DATA 	Keypress: space
10.7590 	EXP 	New trial (rep=1, index=0): None
10.7751 	EXP 	Stimulus: autoDraw = False
11.7902 	EXP 	Fixation: autoDraw = True
12.2736 	EXP 	Fixation: autoDraw = False
12.2736 	EXP 	Fixation: autoDraw = False
12.2736 	EXP 	Stimulus: autoDraw = True
12.5738 	DATA 	Keypress: space
12.5754 	EXP 	New trial (rep=2, index=0): None
12.5911 	EXP 	Stimulus: autoDraw = False
13.6065 	EXP 	Fixation: autoDraw = True
14.0896 	EXP 	Fixation: autoDraw = False
14.0896 	EXP 	Fixation: autoDraw = False
14.0896 	EXP 	Stimulus: autoDraw = True
14.3733 	DATA 	Keypress: space
14.3749 	EXP 	New trial (rep=3, index=0): None
14.3907 	EXP 	Stimulus: autoDraw = False
15.4062 	EXP 	Fixation: autoDraw = True
15.8892 	EXP 	Fixation: autoDraw = False
15.8892 	EXP 	Fixation: autoDraw = False
15.8892 	EXP 	Stimulus: autoDraw = True
16.8890 	EXP 	Stimulus: autoDraw = False
17.4725 	DATA 	Keypress: space
17.4743 	EXP 	New trial (rep=4, index=0): None
17.4889 	EXP 	Stimulus: autoDraw = False
18.5053 	EXP 	Fixation: autoDraw = True
18.9885 	EXP 	Fixation: autoDraw = False
18.9885 	EXP 	Fixation: autoDraw = False
18.9885 	EXP 	Stimulus: autoDraw = True
19.9883 	EXP 	Stimulus: autoDraw = False
20.8551 	DATA 	Keypress: space
20.8564 	EXP 	New trial (rep=5, index=0): None
20.8725 	EXP 	Stimulus: autoDraw = False
21.8878 	EXP 	Fixation: autoDraw = True
22.3710 	EXP 	Fixation: autoDraw = False
22.3710 	EXP 	Fixation: autoDraw = False
22.3710 	EXP 	Stimulus: autoDraw = True
23.0877 	DATA 	Keypress: space
23.0890 	EXP 	New trial (rep=6, index=0): None
23.1053 	EXP 	Stimulus: autoDraw = False
24.1207 	EXP 	Fixation: autoDraw = True
24.6040 	EXP 	Fixation: autoDraw = False
24.6040 	EXP 	Fixation: autoDraw = False
24.6040 	EXP 	Stimulus: autoDraw = True
24.8707 	DATA 	Keypress: space
24.8723 	EXP 	New trial (rep=7, index=0): None
24.8882 	EXP 	Stimulus: autoDraw = False
25.9037 	EXP 	Fixation: autoDraw = True
26.3868 	EXP 	Fixation: autoDraw = False
26.3868 	EXP 	Fixation: autoDraw = False
26.3868 	EXP 	Stimulus: autoDraw = True
27.1036 	DATA 	Keypress: space
27.1050 	EXP 	New trial (rep=8, index=0): None
27.1199 	EXP 	Stimulus: autoDraw = False
28.1364 	EXP 	Fixation: autoDraw = True
28.6195 	EXP 	Fixation: autoDraw = False
28.6195 	EXP 	Fixation: autoDraw = False
28.6195 	EXP 	Stimulus: autoDraw = True
29.5032 	DATA 	Keypress: space
29.5047 	EXP 	New trial (rep=9, index=0): None
29.5204 	EXP 	Stimulus: autoDraw = False
30.5357 	EXP 	Fixation: autoDraw = True
31.0189 	EXP 	Fixation: autoDraw = False
31.0189 	EXP 	Fixation: autoDraw = False
31.0189 	EXP 	Stimulus: autoDraw = True
31.7525 	DATA 	Keypress: space
31.7699 	EXP 	Stimulus: autoDraw = False
32.7853 	EXP 	Inst_2: autoDraw = True
33.4521 	DATA 	Keypress: space
33.4529 	EXP 	Created sequence: random, trialTypes=1, nReps=20, seed=None
33.4532 	EXP 	New trial (rep=0, index=0): None
33.4684 	EXP 	Inst_2: autoDraw = False
34.4849 	EXP 	Fixation: autoDraw = True
34.9680 	EXP 	Fixation: autoDraw = False
34.9680 	EXP 	Fixation: autoDraw = False
34.9680 	EXP 	Bodziec: autoDraw = True
35.4679 	EXP 	Bodziec: autoDraw = False
35.4852 	DATA 	Keypress: space
35.5239 	EXP 	Bodziec: autoDraw = False
35.5239 	EXP 	image: image = 'happy.jpg'
35.5239 	EXP 	image: autoDraw = True
37.4850 	EXP 	New trial (rep=1, index=0): None
37.5007 	EXP 	image: autoDraw = False
37.5007 	EXP 	image: autoDraw = False
38.5172 	EXP 	Fixation: autoDraw = True
39.0004 	EXP 	Fixation: autoDraw = False
39.0004 	EXP 	Fixation: autoDraw = False
39.0004 	EXP 	Bodziec: autoDraw = True
39.0673 	DATA 	Keypress: space
39.1046 	EXP 	Bodziec: autoDraw = False
39.1046 	EXP 	image: image = 'sad.jpg'
39.1046 	EXP 	image: autoDraw = True
41.0674 	EXP 	New trial (rep=2, index=0): None
41.0833 	EXP 	image: autoDraw = False
41.0833 	EXP 	image: autoDraw = False
42.0997 	EXP 	Fixation: autoDraw = True
42.5828 	EXP 	Fixation: autoDraw = False
42.5828 	EXP 	Fixation: autoDraw = False
42.5828 	EXP 	Bodziec: autoDraw = True
42.7665 	DATA 	Keypress: space
42.8032 	EXP 	Bodziec: autoDraw = False
42.8032 	EXP 	image: image = 'sad.jpg'
42.8032 	EXP 	image: autoDraw = True
44.7665 	EXP 	New trial (rep=3, index=0): None
44.7823 	EXP 	image: autoDraw = False
44.7823 	EXP 	image: autoDraw = False
45.7987 	EXP 	Fixation: autoDraw = True
46.2821 	EXP 	Fixation: autoDraw = False
46.2821 	EXP 	Fixation: autoDraw = False
46.2821 	EXP 	Bodziec: autoDraw = True
46.4656 	DATA 	Keypress: space
46.5022 	EXP 	Bodziec: autoDraw = False
46.5022 	EXP 	image: image = 'sad.jpg'
46.5022 	EXP 	image: autoDraw = True
48.4655 	EXP 	New trial (rep=4, index=0): None
48.4815 	EXP 	image: autoDraw = False
48.4815 	EXP 	image: autoDraw = False
49.4978 	EXP 	Fixation: autoDraw = True
49.9810 	EXP 	Fixation: autoDraw = False
49.9810 	EXP 	Fixation: autoDraw = False
49.9810 	EXP 	Bodziec: autoDraw = True
50.2148 	DATA 	Keypress: space
50.2504 	EXP 	Bodziec: autoDraw = False
50.2504 	EXP 	image: image = 'sad.jpg'
50.2504 	EXP 	image: autoDraw = True
52.2146 	EXP 	New trial (rep=5, index=0): None
52.2305 	EXP 	image: autoDraw = False
52.2305 	EXP 	image: autoDraw = False
53.2469 	EXP 	Fixation: autoDraw = True
53.7301 	EXP 	Fixation: autoDraw = False
53.7301 	EXP 	Fixation: autoDraw = False
53.7301 	EXP 	Bodziec: autoDraw = True
54.0139 	DATA 	Keypress: space
54.0527 	EXP 	Bodziec: autoDraw = False
54.0527 	EXP 	image: image = 'sad.jpg'
54.0527 	EXP 	image: autoDraw = True
56.0140 	EXP 	New trial (rep=6, index=0): None
56.0296 	EXP 	image: autoDraw = False
56.0296 	EXP 	image: autoDraw = False
57.0465 	EXP 	Fixation: autoDraw = True
57.5292 	EXP 	Fixation: autoDraw = False
57.5292 	EXP 	Fixation: autoDraw = False
57.5292 	EXP 	Bodziec: autoDraw = True
57.8295 	DATA 	Keypress: space
57.8654 	EXP 	Bodziec: autoDraw = False
57.8654 	EXP 	image: image = 'sad.jpg'
57.8654 	EXP 	image: autoDraw = True
59.8294 	EXP 	New trial (rep=7, index=0): None
59.8458 	EXP 	image: autoDraw = False
59.8458 	EXP 	image: autoDraw = False
60.8618 	EXP 	Fixation: autoDraw = True
61.3450 	EXP 	Fixation: autoDraw = False
61.3450 	EXP 	Fixation: autoDraw = False
61.3450 	EXP 	Bodziec: autoDraw = True
61.8451 	EXP 	Bodziec: autoDraw = False
62.0952 	DATA 	Keypress: space
62.1297 	EXP 	Bodziec: autoDraw = False
62.1297 	EXP 	image: image = 'happy.jpg'
62.1297 	EXP 	image: autoDraw = True
64.0952 	EXP 	New trial (rep=8, index=0): None
64.1110 	EXP 	image: autoDraw = False
64.1110 	EXP 	image: autoDraw = False
65.1274 	EXP 	Fixation: autoDraw = True
65.6106 	EXP 	Fixation: autoDraw = False
65.6106 	EXP 	Fixation: autoDraw = False
65.6106 	EXP 	Bodziec: autoDraw = True
65.9277 	DATA 	Keypress: space
65.9637 	EXP 	Bodziec: autoDraw = False
65.9637 	EXP 	image: image = 'sad.jpg'
65.9637 	EXP 	image: autoDraw = True
67.9275 	EXP 	New trial (rep=9, index=0): None
67.9434 	EXP 	image: autoDraw = False
67.9434 	EXP 	image: autoDraw = False
68.9598 	EXP 	Fixation: autoDraw = True
69.4431 	EXP 	Fixation: autoDraw = False
69.4431 	EXP 	Fixation: autoDraw = False
69.4431 	EXP 	Bodziec: autoDraw = True
69.6100 	DATA 	Keypress: space
69.6467 	EXP 	Bodziec: autoDraw = False
69.6467 	EXP 	image: image = 'sad.jpg'
69.6467 	EXP 	image: autoDraw = True
71.6099 	EXP 	New trial (rep=10, index=0): None
71.6259 	EXP 	image: autoDraw = False
71.6259 	EXP 	image: autoDraw = False
72.6423 	EXP 	Fixation: autoDraw = True
73.1255 	EXP 	Fixation: autoDraw = False
73.1255 	EXP 	Fixation: autoDraw = False
73.1255 	EXP 	Bodziec: autoDraw = True
73.6256 	EXP 	Bodziec: autoDraw = False
73.8589 	DATA 	Keypress: space
73.8965 	EXP 	Bodziec: autoDraw = False
73.8965 	EXP 	image: image = 'happy.jpg'
73.8965 	EXP 	image: autoDraw = True
75.8589 	EXP 	New trial (rep=11, index=0): None
75.8749 	EXP 	image: autoDraw = False
75.8749 	EXP 	image: autoDraw = False
76.8912 	EXP 	Fixation: autoDraw = True
77.3745 	EXP 	Fixation: autoDraw = False
77.3745 	EXP 	Fixation: autoDraw = False
77.3745 	EXP 	Bodziec: autoDraw = True
77.8744 	EXP 	Bodziec: autoDraw = False
78.1747 	DATA 	Keypress: space
78.2119 	EXP 	Bodziec: autoDraw = False
78.2119 	EXP 	image: image = 'happy.jpg'
78.2119 	EXP 	image: autoDraw = True
80.1746 	EXP 	New trial (rep=12, index=0): None
80.1905 	EXP 	image: autoDraw = False
80.1905 	EXP 	image: autoDraw = False
81.2069 	EXP 	Fixation: autoDraw = True
81.6901 	EXP 	Fixation: autoDraw = False
81.6901 	EXP 	Fixation: autoDraw = False
81.6901 	EXP 	Bodziec: autoDraw = True
81.9403 	DATA 	Keypress: space
81.9763 	EXP 	Bodziec: autoDraw = False
81.9763 	EXP 	image: image = 'sad.jpg'
81.9763 	EXP 	image: autoDraw = True
83.9402 	EXP 	New trial (rep=13, index=0): None
83.9563 	EXP 	image: autoDraw = False
83.9563 	EXP 	image: autoDraw = False
84.9727 	EXP 	Fixation: autoDraw = True
85.4563 	EXP 	Fixation: autoDraw = False
85.4563 	EXP 	Fixation: autoDraw = False
85.4563 	EXP 	Bodziec: autoDraw = True
85.9558 	EXP 	Bodziec: autoDraw = False
86.2228 	DATA 	Keypress: space
86.2622 	EXP 	Bodziec: autoDraw = False
86.2622 	EXP 	image: image = 'happy.jpg'
86.2622 	EXP 	image: autoDraw = True
88.2231 	EXP 	New trial (rep=14, index=0): None
88.2385 	EXP 	image: autoDraw = False
88.2385 	EXP 	image: autoDraw = False
88.8553 	DATA 	Keypress: escape
88.9081 	EXP 	window1: mouseVisible = True
