1.7321 	WARNING 	Import Error: No module named 'psychtoolbox'. Using event module for keyboard component.
6.8734 	WARNING 	User requested fullscreen with size [1024  768], but screen is actually [1920, 1080]. Using actual size
7.9712 	EXP 	Created window1 = Window(allowGUI=False, allowStencil=False, args=UNKNOWN, autoLog=True, bitsMode=UNKNOWN, blendMode='avg', color=array([0., 0., 0.]), colorSpace='rgb', fullscr=<method-wrapper '__getattribute__' of attributeSetter object at 0x000001A2A2A9CEF0>, gamma=None, kwargs=UNKNOWN, lms=UNKNOWN, monitor=<psychopy.monitors.calibTools.Monitor object at 0x000001A2A2AF2588>, multiSample=False, name='window1', numSamples=2, pos=[0.0, 0.0], screen=0, size=array([1920, 1080]), stereo=False, units='height', useFBO=True, useRetina=False, viewOri=0.0, viewPos=None, viewScale=None, waitBlanking=True, winType='pyglet')
7.9713 	EXP 	window1: recordFrameIntervals = False
8.1374 	EXP 	window1: recordFrameIntervals = True
8.3208 	EXP 	window1: recordFrameIntervals = False
8.3738 	EXP 	Created Fixation = TextStim(__class__=<class 'psychopy.visual.text.TextStim'>, alignHoriz='center', alignVert='center', antialias=True, autoLog=True, bold=False, color='white', colorSpace='named', contrast=1.0, depth=0.0, flipHoriz=False, flipVert=False, font='Arial', fontFiles=[], height=0.1, italic=False, languageStyle='LTR', name='Fixation', opacity=1.0, ori=0, pos=array([0., 0.]), rgb=array([255., 255., 255.]), text='+', units='height', win=Window(...), wrapWidth=1)
8.3889 	EXP 	Created Stimulus = TextStim(__class__=<class 'psychopy.visual.text.TextStim'>, alignHoriz='center', alignVert='center', antialias=True, autoLog=True, bold=False, color='white', colorSpace='named', contrast=1.0, depth=0.0, flipHoriz=False, flipVert=False, font='Arial', fontFiles=[], height=0.1, italic=False, languageStyle='LTR', name='Stimulus', opacity=1.0, ori=0, pos=array([0., 0.]), rgb=array([255., 255., 255.]), text='Bodziec ', units='height', win=Window(...), wrapWidth=1)
8.3893 	EXP 	Created test_mean = TextStim(__class__=<class 'psychopy.visual.text.TextStim'>, alignHoriz='center', alignVert='center', antialias=True, autoLog=True, bold=False, color='white', colorSpace='named', contrast=1.0, depth=-1.0, flipHoriz=False, flipVert=False, font='Arial', fontFiles=[], height=0.1, italic=False, languageStyle='LTR', name='test_mean', opacity=1.0, ori=0, pos=array([0., 0.]), rgb=array([255., 255., 255.]), text='', units='height', win=Window(...), wrapWidth=1)
8.3912 	EXP 	Created Fixation = TextStim(__class__=<class 'psychopy.visual.text.TextStim'>, alignHoriz='center', alignVert='center', antialias=True, autoLog=True, bold=False, color='white', colorSpace='named', contrast=1.0, depth=0.0, flipHoriz=False, flipVert=False, font='Arial', fontFiles=[], height=0.1, italic=False, languageStyle='LTR', name='Fixation', opacity=1.0, ori=0, pos=array([0., 0.]), rgb=array([255., 255., 255.]), text='+', units='height', win=Window(...), wrapWidth=1)
8.4314 	EXP 	Created Bodziec = TextStim(__class__=<class 'psychopy.visual.text.TextStim'>, alignHoriz='center', alignVert='center', antialias=True, autoLog=True, bold=False, color='white', colorSpace='named', contrast=1.0, depth=0.0, flipHoriz=False, flipVert=False, font='Arial', fontFiles=[], height=0.1, italic=False, languageStyle='LTR', name='Bodziec', opacity=1.0, ori=0, pos=array([0., 0.]), rgb=array([255., 255., 255.]), text='Any text\n\nincluding line breaks', units='height', win=Window(...), wrapWidth=1)
8.4363 	EXP 	Created image = ImageStim(__class__=<class 'psychopy.visual.image.ImageStim'>, autoLog=True, color=array([1., 1., 1.]), colorSpace='rgb', contrast=1.0, depth=-1.0, flipHoriz=False, flipVert=False, image='sin', interpolate=True, mask=None, maskParams=None, name='image', opacity=1.0, ori=0.0, pos=array([0., 0.]), size=array([0.5, 0.5]), texRes=128, units='height', win=Window(...))
8.4366 	EXP 	Created sequence: random, trialTypes=1, nReps=5, seed=None
8.4368 	EXP 	New trial (rep=0, index=0): None
8.4429 	EXP 	Fixation: autoDraw = True
9.0541 	DATA 	Keypress: space
9.4537 	EXP 	Fixation: autoDraw = False
9.4537 	EXP 	Stimulus: autoDraw = True
11.4788 	DATA 	Keypress: space
11.4791 	EXP 	New trial (rep=1, index=0): None
11.4831 	EXP 	Stimulus: autoDraw = False
11.4831 	EXP 	Fixation: autoDraw = True
12.4863 	EXP 	Fixation: autoDraw = False
12.4863 	EXP 	Fixation: autoDraw = False
12.4863 	EXP 	Stimulus: autoDraw = True
14.4973 	DATA 	Keypress: space
14.4978 	EXP 	New trial (rep=2, index=0): None
14.5016 	EXP 	Stimulus: autoDraw = False
14.5016 	EXP 	Fixation: autoDraw = True
15.5021 	EXP 	Fixation: autoDraw = False
15.5021 	EXP 	Fixation: autoDraw = False
15.5021 	EXP 	Stimulus: autoDraw = True
17.5281 	DATA 	Keypress: space
17.5289 	EXP 	New trial (rep=3, index=0): None
17.5328 	EXP 	Stimulus: autoDraw = False
17.5328 	EXP 	Fixation: autoDraw = True
18.5348 	EXP 	Fixation: autoDraw = False
18.5348 	EXP 	Fixation: autoDraw = False
18.5348 	EXP 	Stimulus: autoDraw = True
20.5451 	DATA 	Keypress: space
20.5455 	EXP 	New trial (rep=4, index=0): None
20.5493 	EXP 	Stimulus: autoDraw = False
20.5493 	EXP 	Fixation: autoDraw = True
21.0678 	DATA 	Keypress: space
21.5507 	EXP 	Fixation: autoDraw = False
21.5507 	EXP 	Fixation: autoDraw = False
21.5507 	EXP 	Stimulus: autoDraw = True
23.5767 	DATA 	Keypress: space
23.5832 	EXP 	Stimulus: autoDraw = False
23.5832 	EXP 	test_mean: autoDraw = True
23.5832 	EXP 	test_mean: text = ''
25.5669 	EXP 	Created sequence: random, trialTypes=1, nReps=5, seed=None
25.5671 	EXP 	New trial (rep=0, index=0): None
25.5831 	EXP 	test_mean: autoDraw = False
25.5831 	EXP 	test_mean: autoDraw = False
25.5831 	EXP 	Fixation: autoDraw = True
26.5828 	EXP 	Fixation: autoDraw = False
26.5828 	EXP 	Fixation: autoDraw = False
26.5828 	EXP 	Bodziec: autoDraw = True
28.6210 	EXP 	window1: mouseVisible = True
