1.4114 	WARNING 	Import Error: No module named 'psychtoolbox'. Using event module for keyboard component.
1.4150 	WARNING 	User requested fullscreen with size [1024  768], but screen is actually [1920, 1080]. Using actual size
2.5338 	EXP 	Created window1 = Window(allowGUI=False, allowStencil=False, args=UNKNOWN, autoLog=True, bitsMode=UNKNOWN, blendMode='avg', color=array([0., 0., 0.]), colorSpace='rgb', fullscr=<method-wrapper '__getattribute__' of attributeSetter object at 0x000002126C15BF60>, gamma=None, kwargs=UNKNOWN, lms=UNKNOWN, monitor=<psychopy.monitors.calibTools.Monitor object at 0x000002126C16D438>, multiSample=False, name='window1', numSamples=2, pos=[0.0, 0.0], screen=0, size=array([1920, 1080]), stereo=False, units='height', useFBO=True, useRetina=False, viewOri=0.0, viewPos=None, viewScale=None, waitBlanking=True, winType='pyglet')
2.5338 	EXP 	window1: recordFrameIntervals = False
2.7000 	EXP 	window1: recordFrameIntervals = True
2.8834 	EXP 	window1: recordFrameIntervals = False
2.9345 	EXP 	Created Fixation = TextStim(__class__=<class 'psychopy.visual.text.TextStim'>, alignHoriz='center', alignVert='center', antialias=True, autoLog=True, bold=False, color='white', colorSpace='named', contrast=1.0, depth=0.0, flipHoriz=False, flipVert=False, font='Arial', fontFiles=[], height=0.1, italic=False, languageStyle='LTR', name='Fixation', opacity=1.0, ori=0, pos=array([0., 0.]), rgb=array([255., 255., 255.]), text='+', units='height', win=Window(...), wrapWidth=1)
2.9485 	EXP 	Created Stimulus = TextStim(__class__=<class 'psychopy.visual.text.TextStim'>, alignHoriz='center', alignVert='center', antialias=True, autoLog=True, bold=False, color='white', colorSpace='named', contrast=1.0, depth=0.0, flipHoriz=False, flipVert=False, font='Arial', fontFiles=[], height=0.1, italic=False, languageStyle='LTR', name='Stimulus', opacity=1.0, ori=0, pos=array([0., 0.]), rgb=array([255., 255., 255.]), text='Bodziec ', units='height', win=Window(...), wrapWidth=1)
2.9488 	EXP 	Created test_mean = TextStim(__class__=<class 'psychopy.visual.text.TextStim'>, alignHoriz='center', alignVert='center', antialias=True, autoLog=True, bold=False, color='white', colorSpace='named', contrast=1.0, depth=-1.0, flipHoriz=False, flipVert=False, font='Arial', fontFiles=[], height=0.1, italic=False, languageStyle='LTR', name='test_mean', opacity=1.0, ori=0, pos=array([0., 0.]), rgb=array([255., 255., 255.]), text='', units='height', win=Window(...), wrapWidth=1)
2.9506 	EXP 	Created Fixation = TextStim(__class__=<class 'psychopy.visual.text.TextStim'>, alignHoriz='center', alignVert='center', antialias=True, autoLog=True, bold=False, color='white', colorSpace='named', contrast=1.0, depth=0.0, flipHoriz=False, flipVert=False, font='Arial', fontFiles=[], height=0.1, italic=False, languageStyle='LTR', name='Fixation', opacity=1.0, ori=0, pos=array([0., 0.]), rgb=array([255., 255., 255.]), text='+', units='height', win=Window(...), wrapWidth=1)
2.9778 	EXP 	Created Bodziec = TextStim(__class__=<class 'psychopy.visual.text.TextStim'>, alignHoriz='center', alignVert='center', antialias=True, autoLog=True, bold=False, color='white', colorSpace='named', contrast=1.0, depth=0.0, flipHoriz=False, flipVert=False, font='Arial', fontFiles=[], height=0.1, italic=False, languageStyle='LTR', name='Bodziec', opacity=1.0, ori=0, pos=array([0., 0.]), rgb=array([255., 255., 255.]), text='Any text\n\nincluding line breaks', units='height', win=Window(...), wrapWidth=1)
2.9811 	EXP 	Created image = ImageStim(__class__=<class 'psychopy.visual.image.ImageStim'>, autoLog=True, color=array([1., 1., 1.]), colorSpace='rgb', contrast=1.0, depth=-1.0, flipHoriz=False, flipVert=False, image='sin', interpolate=True, mask=None, maskParams=None, name='image', opacity=1.0, ori=0.0, pos=array([0., 0.]), size=array([0.5, 0.5]), texRes=128, units='height', win=Window(...))
2.9814 	EXP 	Created sequence: random, trialTypes=1, nReps=5, seed=None
2.9816 	EXP 	New trial (rep=0, index=0): None
2.9873 	EXP 	Fixation: autoDraw = True
3.9994 	EXP 	Fixation: autoDraw = False
3.9994 	EXP 	Stimulus: autoDraw = True
4.2837 	DATA 	Keypress: space
4.2860 	EXP 	New trial (rep=1, index=0): None
4.2994 	EXP 	Stimulus: autoDraw = False
4.2994 	EXP 	Fixation: autoDraw = True
5.2991 	EXP 	Fixation: autoDraw = False
5.2991 	EXP 	Fixation: autoDraw = False
5.2991 	EXP 	Stimulus: autoDraw = True
5.5836 	DATA 	Keypress: space
5.6010 	EXP 	New trial (rep=2, index=0): None
5.6159 	EXP 	Stimulus: autoDraw = False
5.6159 	EXP 	Fixation: autoDraw = True
6.6157 	EXP 	Fixation: autoDraw = False
6.6157 	EXP 	Fixation: autoDraw = False
6.6157 	EXP 	Stimulus: autoDraw = True
6.8991 	DATA 	Keypress: space
6.9008 	EXP 	New trial (rep=3, index=0): None
6.9155 	EXP 	Stimulus: autoDraw = False
6.9155 	EXP 	Fixation: autoDraw = True
7.9153 	EXP 	Fixation: autoDraw = False
7.9153 	EXP 	Fixation: autoDraw = False
7.9153 	EXP 	Stimulus: autoDraw = True
8.1657 	DATA 	Keypress: space
8.1674 	EXP 	New trial (rep=4, index=0): None
8.1817 	EXP 	Stimulus: autoDraw = False
8.1817 	EXP 	Fixation: autoDraw = True
9.1815 	EXP 	Fixation: autoDraw = False
9.1815 	EXP 	Fixation: autoDraw = False
9.1815 	EXP 	Stimulus: autoDraw = True
9.4652 	DATA 	Keypress: space
9.4815 	EXP 	Stimulus: autoDraw = False
9.4815 	EXP 	test_mean: autoDraw = True
9.4815 	EXP 	test_mean: text = ''
10.8484 	EXP 	Created sequence: random, trialTypes=1, nReps=5, seed=None
10.8485 	EXP 	New trial (rep=0, index=0): None
10.8645 	EXP 	test_mean: autoDraw = False
10.8645 	EXP 	test_mean: autoDraw = False
10.8645 	EXP 	Fixation: autoDraw = True
11.8644 	EXP 	Fixation: autoDraw = False
11.8644 	EXP 	Fixation: autoDraw = False
11.8644 	EXP 	Bodziec: autoDraw = True
12.1147 	DATA 	Keypress: space
12.1537 	EXP 	Bodziec: autoDraw = False
12.1537 	EXP 	image: image = 'sad.jpg'
12.1537 	EXP 	image: autoDraw = True
14.1145 	EXP 	New trial (rep=1, index=0): None
14.1303 	EXP 	image: autoDraw = False
14.1303 	EXP 	image: autoDraw = False
14.1303 	EXP 	Fixation: autoDraw = True
15.1301 	EXP 	Fixation: autoDraw = False
15.1301 	EXP 	Fixation: autoDraw = False
15.1301 	EXP 	Bodziec: autoDraw = True
15.9639 	DATA 	Keypress: space
15.9997 	EXP 	Bodziec: autoDraw = False
15.9997 	EXP 	image: image = 'sad.jpg'
15.9997 	EXP 	image: autoDraw = True
17.9635 	EXP 	New trial (rep=2, index=0): None
17.9794 	EXP 	image: autoDraw = False
17.9794 	EXP 	image: autoDraw = False
17.9794 	EXP 	Fixation: autoDraw = True
18.9792 	EXP 	Fixation: autoDraw = False
18.9792 	EXP 	Fixation: autoDraw = False
18.9792 	EXP 	Bodziec: autoDraw = True
19.9789 	EXP 	Bodziec: autoDraw = False
21.0059 	EXP 	window1: mouseVisible = True
