1.3778 	WARNING 	Import Error: No module named 'psychtoolbox'. Using event module for keyboard component.
1.3815 	WARNING 	User requested fullscreen with size [1024  768], but screen is actually [1920, 1080]. Using actual size
2.2327 	EXP 	Created window1 = Window(allowGUI=False, allowStencil=False, args=UNKNOWN, autoLog=True, bitsMode=UNKNOWN, blendMode='avg', color=array([0., 0., 0.]), colorSpace='rgb', fullscr=<method-wrapper '__getattribute__' of attributeSetter object at 0x00000195F82BBEF0>, gamma=None, kwargs=UNKNOWN, lms=UNKNOWN, monitor=<psychopy.monitors.calibTools.Monitor object at 0x00000195F82CD8D0>, multiSample=False, name='window1', numSamples=2, pos=[0.0, 0.0], screen=0, size=array([1920, 1080]), stereo=False, units='height', useFBO=True, useRetina=False, viewOri=0.0, viewPos=None, viewScale=None, waitBlanking=True, winType='pyglet')
2.2327 	EXP 	window1: recordFrameIntervals = False
2.3988 	EXP 	window1: recordFrameIntervals = True
2.5824 	EXP 	window1: recordFrameIntervals = False
2.6438 	EXP 	Created Fixation = TextStim(__class__=<class 'psychopy.visual.text.TextStim'>, alignHoriz='center', alignVert='center', antialias=True, autoLog=True, bold=False, color='white', colorSpace='named', contrast=1.0, depth=0.0, flipHoriz=False, flipVert=False, font='Arial', fontFiles=[], height=0.1, italic=False, languageStyle='LTR', name='Fixation', opacity=1.0, ori=0, pos=array([0., 0.]), rgb=array([255., 255., 255.]), text='+', units='height', win=Window(...), wrapWidth=1)
2.6611 	EXP 	Created Stimulus = TextStim(__class__=<class 'psychopy.visual.text.TextStim'>, alignHoriz='center', alignVert='center', antialias=True, autoLog=True, bold=False, color='white', colorSpace='named', contrast=1.0, depth=0.0, flipHoriz=False, flipVert=False, font='Arial', fontFiles=[], height=0.1, italic=False, languageStyle='LTR', name='Stimulus', opacity=1.0, ori=0, pos=array([0., 0.]), rgb=array([255., 255., 255.]), text='Bodziec ', units='height', win=Window(...), wrapWidth=1)
2.6616 	EXP 	Created test_mean = TextStim(__class__=<class 'psychopy.visual.text.TextStim'>, alignHoriz='center', alignVert='center', antialias=True, autoLog=True, bold=False, color='white', colorSpace='named', contrast=1.0, depth=-1.0, flipHoriz=False, flipVert=False, font='Arial', fontFiles=[], height=0.1, italic=False, languageStyle='LTR', name='test_mean', opacity=1.0, ori=0, pos=array([0., 0.]), rgb=array([255., 255., 255.]), text='', units='height', win=Window(...), wrapWidth=1)
2.6636 	EXP 	Created Fixation = TextStim(__class__=<class 'psychopy.visual.text.TextStim'>, alignHoriz='center', alignVert='center', antialias=True, autoLog=True, bold=False, color='white', colorSpace='named', contrast=1.0, depth=0.0, flipHoriz=False, flipVert=False, font='Arial', fontFiles=[], height=0.1, italic=False, languageStyle='LTR', name='Fixation', opacity=1.0, ori=0, pos=array([0., 0.]), rgb=array([255., 255., 255.]), text='+', units='height', win=Window(...), wrapWidth=1)
2.6908 	EXP 	Created Bodziec = TextStim(__class__=<class 'psychopy.visual.text.TextStim'>, alignHoriz='center', alignVert='center', antialias=True, autoLog=True, bold=False, color='white', colorSpace='named', contrast=1.0, depth=0.0, flipHoriz=False, flipVert=False, font='Arial', fontFiles=[], height=0.1, italic=False, languageStyle='LTR', name='Bodziec', opacity=1.0, ori=0, pos=array([0., 0.]), rgb=array([255., 255., 255.]), text='Any text\n\nincluding line breaks', units='height', win=Window(...), wrapWidth=1)
2.6949 	EXP 	Created image = ImageStim(__class__=<class 'psychopy.visual.image.ImageStim'>, autoLog=True, color=array([1., 1., 1.]), colorSpace='rgb', contrast=1.0, depth=-1.0, flipHoriz=False, flipVert=False, image='sin', interpolate=True, mask=None, maskParams=None, name='image', opacity=1.0, ori=0.0, pos=array([0., 0.]), size=array([0.5, 0.5]), texRes=128, units='height', win=Window(...))
2.6953 	EXP 	Created sequence: random, trialTypes=1, nReps=5, seed=None
2.6956 	EXP 	New trial (rep=0, index=0): None
2.7030 	EXP 	Fixation: autoDraw = True
3.7151 	EXP 	Fixation: autoDraw = False
3.7151 	EXP 	Stimulus: autoDraw = True
3.9991 	DATA 	Keypress: space
4.0014 	EXP 	New trial (rep=1, index=0): None
4.0150 	EXP 	Stimulus: autoDraw = False
4.0150 	EXP 	Fixation: autoDraw = True
5.0149 	EXP 	Fixation: autoDraw = False
5.0149 	EXP 	Fixation: autoDraw = False
5.0149 	EXP 	Stimulus: autoDraw = True
5.3157 	DATA 	Keypress: space
5.3173 	EXP 	New trial (rep=2, index=0): None
5.3328 	EXP 	Stimulus: autoDraw = False
5.3328 	EXP 	Fixation: autoDraw = True
6.3312 	EXP 	Fixation: autoDraw = False
6.3312 	EXP 	Fixation: autoDraw = False
6.3312 	EXP 	Stimulus: autoDraw = True
6.5814 	DATA 	Keypress: space
6.5832 	EXP 	New trial (rep=3, index=0): None
6.5988 	EXP 	Stimulus: autoDraw = False
6.5988 	EXP 	Fixation: autoDraw = True
7.5975 	EXP 	Fixation: autoDraw = False
7.5975 	EXP 	Fixation: autoDraw = False
7.5975 	EXP 	Stimulus: autoDraw = True
7.8478 	DATA 	Keypress: space
7.8496 	EXP 	New trial (rep=4, index=0): None
7.8665 	EXP 	Stimulus: autoDraw = False
7.8665 	EXP 	Fixation: autoDraw = True
8.8639 	EXP 	Fixation: autoDraw = False
8.8639 	EXP 	Fixation: autoDraw = False
8.8639 	EXP 	Stimulus: autoDraw = True
9.1477 	DATA 	Keypress: space
9.1639 	EXP 	Stimulus: autoDraw = False
9.1639 	EXP 	test_mean: autoDraw = True
9.1639 	EXP 	test_mean: text = ''
10.5307 	EXP 	Created sequence: random, trialTypes=1, nReps=10, seed=None
10.5309 	EXP 	New trial (rep=0, index=0): None
10.5469 	EXP 	test_mean: autoDraw = False
10.5469 	EXP 	test_mean: autoDraw = False
10.5469 	EXP 	Fixation: autoDraw = True
11.5466 	EXP 	Fixation: autoDraw = False
11.5466 	EXP 	Fixation: autoDraw = False
11.5466 	EXP 	Bodziec: autoDraw = True
11.5466 	EXP 	Bodziec: autoDraw = False
13.5683 	EXP 	Bodziec: autoDraw = False
13.5683 	EXP 	image: image = 'happy.jpg'
13.5683 	EXP 	image: autoDraw = True
13.9296 	DATA 	Keypress: space
15.5297 	EXP 	New trial (rep=1, index=0): None
15.5466 	EXP 	image: autoDraw = False
15.5466 	EXP 	image: autoDraw = False
15.5466 	EXP 	Fixation: autoDraw = True
16.5454 	EXP 	Fixation: autoDraw = False
16.5454 	EXP 	Fixation: autoDraw = False
16.5454 	EXP 	Bodziec: autoDraw = True
16.6620 	EXP 	Bodziec: autoDraw = False
16.9622 	DATA 	Keypress: space
16.9969 	EXP 	Bodziec: autoDraw = False
16.9969 	EXP 	image: image = 'happy.jpg'
16.9969 	EXP 	image: autoDraw = True
18.9621 	EXP 	New trial (rep=2, index=0): None
18.9781 	EXP 	image: autoDraw = False
18.9781 	EXP 	image: autoDraw = False
18.9781 	EXP 	Fixation: autoDraw = True
19.9778 	EXP 	Fixation: autoDraw = False
19.9778 	EXP 	Fixation: autoDraw = False
19.9778 	EXP 	Bodziec: autoDraw = True
20.1280 	EXP 	Bodziec: autoDraw = False
20.2782 	DATA 	Keypress: space
20.3124 	EXP 	Bodziec: autoDraw = False
20.3124 	EXP 	image: image = 'happy.jpg'
20.3124 	EXP 	image: autoDraw = True
22.2780 	EXP 	New trial (rep=3, index=0): None
22.2940 	EXP 	image: autoDraw = False
22.2940 	EXP 	image: autoDraw = False
22.2940 	EXP 	Fixation: autoDraw = True
23.2938 	EXP 	Fixation: autoDraw = False
23.2938 	EXP 	Fixation: autoDraw = False
23.2938 	EXP 	Bodziec: autoDraw = True
23.4271 	EXP 	Bodziec: autoDraw = False
23.6106 	DATA 	Keypress: space
23.6467 	EXP 	Bodziec: autoDraw = False
23.6467 	EXP 	image: image = 'happy.jpg'
23.6467 	EXP 	image: autoDraw = True
25.6107 	EXP 	New trial (rep=4, index=0): None
25.6265 	EXP 	image: autoDraw = False
25.6265 	EXP 	image: autoDraw = False
25.6265 	EXP 	Fixation: autoDraw = True
25.9269 	DATA 	Keypress: space
26.6099 	DATA 	Keypress: space
26.6265 	EXP 	Fixation: autoDraw = False
26.6265 	EXP 	Fixation: autoDraw = False
26.6265 	EXP 	Bodziec: autoDraw = True
26.6430 	EXP 	Bodziec: autoDraw = False
26.8099 	DATA 	Keypress: space
26.8434 	EXP 	Bodziec: autoDraw = False
26.8434 	EXP 	image: image = 'happy.jpg'
26.8434 	EXP 	image: autoDraw = True
28.8098 	EXP 	New trial (rep=5, index=0): None
28.8259 	EXP 	image: autoDraw = False
28.8259 	EXP 	image: autoDraw = False
28.8259 	EXP 	Fixation: autoDraw = True
29.1093 	DATA 	Keypress: space
29.3592 	DATA 	Keypress: space
29.5925 	DATA 	Keypress: space
29.7758 	DATA 	Keypress: space
29.8255 	EXP 	Fixation: autoDraw = False
29.8255 	EXP 	Fixation: autoDraw = False
29.8255 	EXP 	Bodziec: autoDraw = True
29.8589 	EXP 	Bodziec: autoDraw = False
30.0425 	DATA 	Keypress: space
30.0764 	EXP 	Bodziec: autoDraw = False
30.0764 	EXP 	image: image = 'happy.jpg'
30.0764 	EXP 	image: autoDraw = True
32.0423 	EXP 	New trial (rep=6, index=0): None
32.0587 	EXP 	image: autoDraw = False
32.0587 	EXP 	image: autoDraw = False
32.0587 	EXP 	Fixation: autoDraw = True
33.0580 	EXP 	Fixation: autoDraw = False
33.0580 	EXP 	Fixation: autoDraw = False
33.0580 	EXP 	Bodziec: autoDraw = True
33.3083 	DATA 	Keypress: space
33.3426 	EXP 	Bodziec: autoDraw = False
33.3426 	EXP 	image: image = 'sad.jpg'
33.3426 	EXP 	image: autoDraw = True
35.3083 	EXP 	New trial (rep=7, index=0): None
35.3242 	EXP 	image: autoDraw = False
35.3242 	EXP 	image: autoDraw = False
35.3242 	EXP 	Fixation: autoDraw = True
36.3239 	EXP 	Fixation: autoDraw = False
36.3239 	EXP 	Fixation: autoDraw = False
36.3239 	EXP 	Bodziec: autoDraw = True
36.6409 	DATA 	Keypress: space
36.6747 	EXP 	Bodziec: autoDraw = False
36.6747 	EXP 	image: image = 'sad.jpg'
36.6747 	EXP 	image: autoDraw = True
38.6408 	EXP 	New trial (rep=8, index=0): None
38.6568 	EXP 	image: autoDraw = False
38.6568 	EXP 	image: autoDraw = False
38.6568 	EXP 	Fixation: autoDraw = True
39.6565 	EXP 	Fixation: autoDraw = False
39.6565 	EXP 	Fixation: autoDraw = False
39.6565 	EXP 	Bodziec: autoDraw = True
39.7898 	EXP 	Bodziec: autoDraw = False
39.9567 	DATA 	Keypress: space
39.9952 	EXP 	Bodziec: autoDraw = False
39.9952 	EXP 	image: image = 'happy.jpg'
39.9952 	EXP 	image: autoDraw = True
41.9566 	EXP 	New trial (rep=9, index=0): None
41.9726 	EXP 	image: autoDraw = False
41.9726 	EXP 	image: autoDraw = False
41.9726 	EXP 	Fixation: autoDraw = True
42.9725 	EXP 	Fixation: autoDraw = False
42.9725 	EXP 	Fixation: autoDraw = False
42.9725 	EXP 	Bodziec: autoDraw = True
43.1224 	EXP 	Bodziec: autoDraw = False
43.2060 	DATA 	Keypress: space
43.2440 	EXP 	Bodziec: autoDraw = False
43.2440 	EXP 	image: image = 'happy.jpg'
43.2440 	EXP 	image: autoDraw = True
45.2219 	EXP 	image: autoDraw = False
45.2219 	EXP 	image: autoDraw = False
45.2837 	EXP 	window1: mouseVisible = True
