2.3248 	WARNING 	Import Error: No module named 'psychtoolbox'. Using event module for keyboard component.
2.3282 	WARNING 	User requested fullscreen with size [1024  768], but screen is actually [1920, 1080]. Using actual size
3.3200 	EXP 	Created window1 = Window(allowGUI=False, allowStencil=False, args=UNKNOWN, autoLog=True, bitsMode=UNKNOWN, blendMode='avg', color=array([0., 0., 0.]), colorSpace='rgb', fullscr=<method-wrapper '__getattribute__' of attributeSetter object at 0x000001C26CEBBF28>, gamma=None, kwargs=UNKNOWN, lms=UNKNOWN, monitor=<psychopy.monitors.calibTools.Monitor object at 0x000001C26CECD908>, multiSample=False, name='window1', numSamples=2, pos=[0.0, 0.0], screen=0, size=array([1920, 1080]), stereo=False, units='height', useFBO=True, useRetina=False, viewOri=0.0, viewPos=None, viewScale=None, waitBlanking=True, winType='pyglet')
3.3201 	EXP 	window1: recordFrameIntervals = False
3.4860 	EXP 	window1: recordFrameIntervals = True
3.6704 	EXP 	window1: recordFrameIntervals = False
3.7236 	EXP 	Created Fixation = TextStim(__class__=<class 'psychopy.visual.text.TextStim'>, alignHoriz='center', alignVert='center', antialias=True, autoLog=True, bold=False, color='white', colorSpace='named', contrast=1.0, depth=0.0, flipHoriz=False, flipVert=False, font='Arial', fontFiles=[], height=0.1, italic=False, languageStyle='LTR', name='Fixation', opacity=1.0, ori=0, pos=array([0., 0.]), rgb=array([255., 255., 255.]), text='+', units='height', win=Window(...), wrapWidth=1)
3.7378 	EXP 	Created Stimulus = TextStim(__class__=<class 'psychopy.visual.text.TextStim'>, alignHoriz='center', alignVert='center', antialias=True, autoLog=True, bold=False, color='white', colorSpace='named', contrast=1.0, depth=0.0, flipHoriz=False, flipVert=False, font='Arial', fontFiles=[], height=0.1, italic=False, languageStyle='LTR', name='Stimulus', opacity=1.0, ori=0, pos=array([0., 0.]), rgb=array([255., 255., 255.]), text='Bodziec ', units='height', win=Window(...), wrapWidth=1)
3.7383 	EXP 	Created test_mean = TextStim(__class__=<class 'psychopy.visual.text.TextStim'>, alignHoriz='center', alignVert='center', antialias=True, autoLog=True, bold=False, color='white', colorSpace='named', contrast=1.0, depth=-1.0, flipHoriz=False, flipVert=False, font='Arial', fontFiles=[], height=0.1, italic=False, languageStyle='LTR', name='test_mean', opacity=1.0, ori=0, pos=array([0., 0.]), rgb=array([255., 255., 255.]), text='', units='height', win=Window(...), wrapWidth=1)
3.7414 	EXP 	Created Fixation = TextStim(__class__=<class 'psychopy.visual.text.TextStim'>, alignHoriz='center', alignVert='center', antialias=True, autoLog=True, bold=False, color='white', colorSpace='named', contrast=1.0, depth=0.0, flipHoriz=False, flipVert=False, font='Arial', fontFiles=[], height=0.1, italic=False, languageStyle='LTR', name='Fixation', opacity=1.0, ori=0, pos=array([0., 0.]), rgb=array([255., 255., 255.]), text='+', units='height', win=Window(...), wrapWidth=1)
3.7693 	EXP 	Created Bodziec = TextStim(__class__=<class 'psychopy.visual.text.TextStim'>, alignHoriz='center', alignVert='center', antialias=True, autoLog=True, bold=False, color='white', colorSpace='named', contrast=1.0, depth=0.0, flipHoriz=False, flipVert=False, font='Arial', fontFiles=[], height=0.1, italic=False, languageStyle='LTR', name='Bodziec', opacity=1.0, ori=0, pos=array([0., 0.]), rgb=array([255., 255., 255.]), text='Any text\n\nincluding line breaks', units='height', win=Window(...), wrapWidth=1)
3.7726 	EXP 	Created image = ImageStim(__class__=<class 'psychopy.visual.image.ImageStim'>, autoLog=True, color=array([1., 1., 1.]), colorSpace='rgb', contrast=1.0, depth=-1.0, flipHoriz=False, flipVert=False, image='sin', interpolate=True, mask=None, maskParams=None, name='image', opacity=1.0, ori=0.0, pos=array([0., 0.]), size=array([0.5, 0.5]), texRes=128, units='height', win=Window(...))
3.7729 	EXP 	Created sequence: random, trialTypes=1, nReps=5, seed=None
3.7730 	EXP 	New trial (rep=0, index=0): None
3.7789 	EXP 	Fixation: autoDraw = True
4.7856 	EXP 	Fixation: autoDraw = False
4.7856 	EXP 	Fixation: autoDraw = False
4.7856 	EXP 	Stimulus: autoDraw = True
5.2200 	DATA 	Keypress: space
5.2221 	EXP 	New trial (rep=1, index=0): None
5.2363 	EXP 	Stimulus: autoDraw = False
5.2363 	EXP 	Fixation: autoDraw = True
6.2354 	EXP 	Fixation: autoDraw = False
6.2354 	EXP 	Fixation: autoDraw = False
6.2354 	EXP 	Stimulus: autoDraw = True
6.5192 	DATA 	Keypress: space
6.5208 	EXP 	New trial (rep=2, index=0): None
6.5353 	EXP 	Stimulus: autoDraw = False
6.5353 	EXP 	Fixation: autoDraw = True
7.5350 	EXP 	Fixation: autoDraw = False
7.5350 	EXP 	Fixation: autoDraw = False
7.5350 	EXP 	Stimulus: autoDraw = True
7.8020 	DATA 	Keypress: space
7.8038 	EXP 	New trial (rep=3, index=0): None
7.8185 	EXP 	Stimulus: autoDraw = False
7.8185 	EXP 	Fixation: autoDraw = True
8.8182 	EXP 	Fixation: autoDraw = False
8.8182 	EXP 	Fixation: autoDraw = False
8.8182 	EXP 	Stimulus: autoDraw = True
9.1018 	DATA 	Keypress: space
9.1035 	EXP 	New trial (rep=4, index=0): None
9.1180 	EXP 	Stimulus: autoDraw = False
9.1180 	EXP 	Fixation: autoDraw = True
10.1179 	EXP 	Fixation: autoDraw = False
10.1179 	EXP 	Fixation: autoDraw = False
10.1179 	EXP 	Stimulus: autoDraw = True
10.4016 	DATA 	Keypress: space
10.4179 	EXP 	Stimulus: autoDraw = False
10.4179 	EXP 	test_mean: autoDraw = True
10.4179 	EXP 	test_mean: text = ''
11.7846 	EXP 	Created sequence: random, trialTypes=1, nReps=5, seed=None
11.7848 	EXP 	New trial (rep=0, index=0): None
11.8009 	EXP 	test_mean: autoDraw = False
11.8009 	EXP 	test_mean: autoDraw = False
11.8009 	EXP 	Fixation: autoDraw = True
12.7010 	DATA 	Keypress: space
12.8006 	EXP 	Fixation: autoDraw = False
12.8006 	EXP 	Fixation: autoDraw = False
12.8006 	EXP 	Bodziec: autoDraw = True
13.2840 	DATA 	Keypress: space
13.3228 	EXP 	Bodziec: autoDraw = False
13.3228 	EXP 	image: image = 'happy.jpg'
13.3228 	EXP 	image: autoDraw = True
15.2839 	EXP 	New trial (rep=1, index=0): None
15.3000 	EXP 	image: autoDraw = False
15.3000 	EXP 	image: autoDraw = False
15.3000 	EXP 	Fixation: autoDraw = True
16.2998 	EXP 	Fixation: autoDraw = False
16.2998 	EXP 	Fixation: autoDraw = False
16.2998 	EXP 	Bodziec: autoDraw = True
16.6165 	DATA 	Keypress: space
16.6543 	EXP 	Bodziec: autoDraw = False
16.6543 	EXP 	image: image = 'happy.jpg'
16.6543 	EXP 	image: autoDraw = True
18.6163 	EXP 	New trial (rep=2, index=0): None
18.6327 	EXP 	image: autoDraw = False
18.6327 	EXP 	image: autoDraw = False
18.6327 	EXP 	Fixation: autoDraw = True
19.6331 	EXP 	Fixation: autoDraw = False
19.6331 	EXP 	Fixation: autoDraw = False
19.6331 	EXP 	Bodziec: autoDraw = True
19.8994 	DATA 	Keypress: space
19.9354 	EXP 	Bodziec: autoDraw = False
19.9354 	EXP 	image: image = 'happy.jpg'
19.9354 	EXP 	image: autoDraw = True
21.8994 	EXP 	New trial (rep=3, index=0): None
21.9152 	EXP 	image: autoDraw = False
21.9152 	EXP 	image: autoDraw = False
21.9152 	EXP 	Fixation: autoDraw = True
22.9146 	EXP 	Fixation: autoDraw = False
22.9146 	EXP 	Fixation: autoDraw = False
22.9146 	EXP 	Bodziec: autoDraw = True
23.9147 	EXP 	Bodziec: autoDraw = False
24.3164 	EXP 	Bodziec: autoDraw = False
24.3164 	EXP 	image: image = 'happy.jpg'
24.3164 	EXP 	image: autoDraw = True
26.2814 	EXP 	New trial (rep=4, index=0): None
26.2974 	EXP 	image: autoDraw = False
26.2974 	EXP 	image: autoDraw = False
26.2974 	EXP 	Fixation: autoDraw = True
27.2971 	EXP 	Fixation: autoDraw = False
27.2971 	EXP 	Fixation: autoDraw = False
27.2971 	EXP 	Bodziec: autoDraw = True
27.5639 	DATA 	Keypress: space
27.6018 	EXP 	Bodziec: autoDraw = False
27.6018 	EXP 	image: image = 'happy.jpg'
27.6018 	EXP 	image: autoDraw = True
28.6637 	DATA 	Keypress: escape
28.7199 	EXP 	window1: mouseVisible = True
