2.3102 	WARNING 	Import Error: No module named 'psychtoolbox'. Using event module for keyboard component.
2.3133 	WARNING 	User requested fullscreen with size [1024  768], but screen is actually [1920, 1080]. Using actual size
3.2035 	EXP 	Created window1 = Window(allowGUI=False, allowStencil=False, args=UNKNOWN, autoLog=True, bitsMode=UNKNOWN, blendMode='avg', color=array([0., 0., 0.]), colorSpace='rgb', fullscr=<method-wrapper '__getattribute__' of attributeSetter object at 0x00000146120B5048>, gamma=None, kwargs=UNKNOWN, lms=UNKNOWN, monitor=<psychopy.monitors.calibTools.Monitor object at 0x00000146120BD978>, multiSample=False, name='window1', numSamples=2, pos=[0.0, 0.0], screen=0, size=array([1920, 1080]), stereo=False, units='height', useFBO=True, useRetina=False, viewOri=0.0, viewPos=None, viewScale=None, waitBlanking=True, winType='pyglet')
3.2036 	EXP 	window1: recordFrameIntervals = False
3.3697 	EXP 	window1: recordFrameIntervals = True
3.5531 	EXP 	window1: recordFrameIntervals = False
3.6059 	EXP 	Created Fixation = TextStim(__class__=<class 'psychopy.visual.text.TextStim'>, alignHoriz='center', alignVert='center', antialias=True, autoLog=True, bold=False, color='white', colorSpace='named', contrast=1.0, depth=0.0, flipHoriz=False, flipVert=False, font='Arial', fontFiles=[], height=0.1, italic=False, languageStyle='LTR', name='Fixation', opacity=1.0, ori=0, pos=array([0., 0.]), rgb=array([255., 255., 255.]), text='+', units='height', win=Window(...), wrapWidth=1)
3.6200 	EXP 	Created Stimulus = TextStim(__class__=<class 'psychopy.visual.text.TextStim'>, alignHoriz='center', alignVert='center', antialias=True, autoLog=True, bold=False, color='white', colorSpace='named', contrast=1.0, depth=0.0, flipHoriz=False, flipVert=False, font='Arial', fontFiles=[], height=0.1, italic=False, languageStyle='LTR', name='Stimulus', opacity=1.0, ori=0, pos=array([0., 0.]), rgb=array([255., 255., 255.]), text='Bodziec ', units='height', win=Window(...), wrapWidth=1)
3.6203 	EXP 	Created test_mean = TextStim(__class__=<class 'psychopy.visual.text.TextStim'>, alignHoriz='center', alignVert='center', antialias=True, autoLog=True, bold=False, color='white', colorSpace='named', contrast=1.0, depth=-1.0, flipHoriz=False, flipVert=False, font='Arial', fontFiles=[], height=0.1, italic=False, languageStyle='LTR', name='test_mean', opacity=1.0, ori=0, pos=array([0., 0.]), rgb=array([255., 255., 255.]), text='', units='height', win=Window(...), wrapWidth=1)
3.6221 	EXP 	Created Fixation = TextStim(__class__=<class 'psychopy.visual.text.TextStim'>, alignHoriz='center', alignVert='center', antialias=True, autoLog=True, bold=False, color='white', colorSpace='named', contrast=1.0, depth=0.0, flipHoriz=False, flipVert=False, font='Arial', fontFiles=[], height=0.1, italic=False, languageStyle='LTR', name='Fixation', opacity=1.0, ori=0, pos=array([0., 0.]), rgb=array([255., 255., 255.]), text='+', units='height', win=Window(...), wrapWidth=1)
3.6563 	EXP 	Created Bodziec = TextStim(__class__=<class 'psychopy.visual.text.TextStim'>, alignHoriz='center', alignVert='center', antialias=True, autoLog=True, bold=False, color='white', colorSpace='named', contrast=1.0, depth=0.0, flipHoriz=False, flipVert=False, font='Arial', fontFiles=[], height=0.1, italic=False, languageStyle='LTR', name='Bodziec', opacity=1.0, ori=0, pos=array([0., 0.]), rgb=array([255., 255., 255.]), text='Any text\n\nincluding line breaks', units='height', win=Window(...), wrapWidth=1)
3.6596 	EXP 	Created image = ImageStim(__class__=<class 'psychopy.visual.image.ImageStim'>, autoLog=True, color=array([1., 1., 1.]), colorSpace='rgb', contrast=1.0, depth=-1.0, flipHoriz=False, flipVert=False, image='sin', interpolate=True, mask=None, maskParams=None, name='image', opacity=1.0, ori=0.0, pos=array([0., 0.]), size=array([0.5, 0.5]), texRes=128, units='height', win=Window(...))
3.6599 	EXP 	Created sequence: random, trialTypes=1, nReps=5, seed=None
3.6600 	EXP 	New trial (rep=0, index=0): None
3.6688 	EXP 	Fixation: autoDraw = True
4.6693 	EXP 	Fixation: autoDraw = False
4.6693 	EXP 	Fixation: autoDraw = False
4.6693 	EXP 	Stimulus: autoDraw = True
5.0698 	DATA 	Keypress: space
5.0720 	EXP 	New trial (rep=1, index=0): None
5.0859 	EXP 	Stimulus: autoDraw = False
5.0859 	EXP 	Fixation: autoDraw = True
6.0857 	EXP 	Fixation: autoDraw = False
6.0857 	EXP 	Fixation: autoDraw = False
6.0857 	EXP 	Stimulus: autoDraw = True
6.5690 	DATA 	Keypress: space
6.5705 	EXP 	New trial (rep=2, index=0): None
6.5859 	EXP 	Stimulus: autoDraw = False
6.5859 	EXP 	Fixation: autoDraw = True
7.5853 	EXP 	Fixation: autoDraw = False
7.5853 	EXP 	Fixation: autoDraw = False
7.5853 	EXP 	Stimulus: autoDraw = True
8.1024 	DATA 	Keypress: space
8.1044 	EXP 	New trial (rep=3, index=0): None
8.1184 	EXP 	Stimulus: autoDraw = False
8.1184 	EXP 	Fixation: autoDraw = True
9.1183 	EXP 	Fixation: autoDraw = False
9.1183 	EXP 	Fixation: autoDraw = False
9.1183 	EXP 	Stimulus: autoDraw = True
9.1861 	DATA 	Keypress: space
9.1878 	EXP 	New trial (rep=4, index=0): None
9.2015 	EXP 	Stimulus: autoDraw = False
9.2015 	EXP 	Fixation: autoDraw = True
10.2013 	EXP 	Fixation: autoDraw = False
10.2013 	EXP 	Fixation: autoDraw = False
10.2013 	EXP 	Stimulus: autoDraw = True
11.1517 	DATA 	Keypress: space
11.1679 	EXP 	Stimulus: autoDraw = False
11.1679 	EXP 	test_mean: autoDraw = True
11.1679 	EXP 	test_mean: text = ''
12.5348 	EXP 	Created sequence: random, trialTypes=1, nReps=5, seed=None
12.5350 	EXP 	New trial (rep=0, index=0): None
12.5507 	EXP 	test_mean: autoDraw = False
12.5507 	EXP 	test_mean: autoDraw = False
12.5507 	EXP 	Fixation: autoDraw = True
13.5504 	EXP 	Fixation: autoDraw = False
13.5504 	EXP 	Fixation: autoDraw = False
13.5504 	EXP 	Bodziec: autoDraw = True
14.5502 	EXP 	Bodziec: autoDraw = False
15.3670 	DATA 	Keypress: space
15.4005 	EXP 	window1: mouseVisible = True
