1.5296 	WARNING 	Import Error: No module named 'psychtoolbox'. Using event module for keyboard component.
1.5327 	WARNING 	User requested fullscreen with size [1024  768], but screen is actually [1920, 1080]. Using actual size
2.7287 	EXP 	Created window1 = Window(allowGUI=False, allowStencil=False, args=UNKNOWN, autoLog=True, bitsMode=UNKNOWN, blendMode='avg', color=array([0., 0., 0.]), colorSpace='rgb', fullscr=<method-wrapper '__getattribute__' of attributeSetter object at 0x0000027F7ADACEF0>, gamma=None, kwargs=UNKNOWN, lms=UNKNOWN, monitor=<psychopy.monitors.calibTools.Monitor object at 0x0000027F7ADBE8D0>, multiSample=False, name='window1', numSamples=2, pos=[0.0, 0.0], screen=0, size=array([1920, 1080]), stereo=False, units='height', useFBO=True, useRetina=False, viewOri=0.0, viewPos=None, viewScale=None, waitBlanking=True, winType='pyglet')
2.7287 	EXP 	window1: recordFrameIntervals = False
2.8949 	EXP 	window1: recordFrameIntervals = True
3.0783 	EXP 	window1: recordFrameIntervals = False
3.1297 	EXP 	Created Fixation = TextStim(__class__=<class 'psychopy.visual.text.TextStim'>, alignHoriz='center', alignVert='center', antialias=True, autoLog=True, bold=False, color='white', colorSpace='named', contrast=1.0, depth=0.0, flipHoriz=False, flipVert=False, font='Arial', fontFiles=[], height=0.1, italic=False, languageStyle='LTR', name='Fixation', opacity=1.0, ori=0, pos=array([0., 0.]), rgb=array([255., 255., 255.]), text='+', units='height', win=Window(...), wrapWidth=1)
3.1455 	EXP 	Created Stimulus = TextStim(__class__=<class 'psychopy.visual.text.TextStim'>, alignHoriz='center', alignVert='center', antialias=True, autoLog=True, bold=False, color='white', colorSpace='named', contrast=1.0, depth=0.0, flipHoriz=False, flipVert=False, font='Arial', fontFiles=[], height=0.1, italic=False, languageStyle='LTR', name='Stimulus', opacity=1.0, ori=0, pos=array([0., 0.]), rgb=array([255., 255., 255.]), text='Bodziec ', units='height', win=Window(...), wrapWidth=1)
3.1459 	EXP 	Created test_mean = TextStim(__class__=<class 'psychopy.visual.text.TextStim'>, alignHoriz='center', alignVert='center', antialias=True, autoLog=True, bold=False, color='white', colorSpace='named', contrast=1.0, depth=-1.0, flipHoriz=False, flipVert=False, font='Arial', fontFiles=[], height=0.1, italic=False, languageStyle='LTR', name='test_mean', opacity=1.0, ori=0, pos=array([0., 0.]), rgb=array([255., 255., 255.]), text='', units='height', win=Window(...), wrapWidth=1)
3.1477 	EXP 	Created Fixation = TextStim(__class__=<class 'psychopy.visual.text.TextStim'>, alignHoriz='center', alignVert='center', antialias=True, autoLog=True, bold=False, color='white', colorSpace='named', contrast=1.0, depth=0.0, flipHoriz=False, flipVert=False, font='Arial', fontFiles=[], height=0.1, italic=False, languageStyle='LTR', name='Fixation', opacity=1.0, ori=0, pos=array([0., 0.]), rgb=array([255., 255., 255.]), text='+', units='height', win=Window(...), wrapWidth=1)
3.1729 	EXP 	Created Bodziec = TextStim(__class__=<class 'psychopy.visual.text.TextStim'>, alignHoriz='center', alignVert='center', antialias=True, autoLog=True, bold=False, color='white', colorSpace='named', contrast=1.0, depth=0.0, flipHoriz=False, flipVert=False, font='Arial', fontFiles=[], height=0.1, italic=False, languageStyle='LTR', name='Bodziec', opacity=1.0, ori=0, pos=array([0., 0.]), rgb=array([255., 255., 255.]), text='Any text\n\nincluding line breaks', units='height', win=Window(...), wrapWidth=1)
3.1763 	EXP 	Created image = ImageStim(__class__=<class 'psychopy.visual.image.ImageStim'>, autoLog=True, color=array([1., 1., 1.]), colorSpace='rgb', contrast=1.0, depth=-1.0, flipHoriz=False, flipVert=False, image='sin', interpolate=True, mask=None, maskParams=None, name='image', opacity=1.0, ori=0.0, pos=array([0., 0.]), size=array([0.5, 0.5]), texRes=128, units='height', win=Window(...))
3.1766 	EXP 	Created sequence: random, trialTypes=1, nReps=5, seed=None
3.1768 	EXP 	New trial (rep=0, index=0): None
3.1819 	EXP 	Fixation: autoDraw = True
4.1945 	EXP 	Fixation: autoDraw = False
4.1945 	EXP 	Stimulus: autoDraw = True
6.2080 	DATA 	Keypress: space
6.2084 	EXP 	New trial (rep=1, index=0): None
6.2122 	EXP 	Stimulus: autoDraw = False
6.2122 	EXP 	Fixation: autoDraw = True
7.2270 	EXP 	Fixation: autoDraw = False
7.2270 	EXP 	Stimulus: autoDraw = True
9.2402 	DATA 	Keypress: space
9.2405 	EXP 	New trial (rep=2, index=0): None
9.2442 	EXP 	Stimulus: autoDraw = False
9.2442 	EXP 	Fixation: autoDraw = True
10.0770 	DATA 	Keypress: space
10.2597 	EXP 	Fixation: autoDraw = False
10.2597 	EXP 	Stimulus: autoDraw = True
12.2715 	EXP 	New trial (rep=3, index=0): None
12.2755 	EXP 	Stimulus: autoDraw = False
12.2755 	EXP 	Fixation: autoDraw = True
13.2756 	EXP 	Fixation: autoDraw = False
13.2756 	EXP 	Fixation: autoDraw = False
13.2756 	EXP 	Stimulus: autoDraw = True
15.2895 	DATA 	Keypress: space
15.2899 	EXP 	New trial (rep=4, index=0): None
15.2937 	EXP 	Stimulus: autoDraw = False
15.2937 	EXP 	Fixation: autoDraw = True
16.3082 	EXP 	Fixation: autoDraw = False
16.3082 	EXP 	Stimulus: autoDraw = True
18.3215 	DATA 	Keypress: space
18.3285 	EXP 	Stimulus: autoDraw = False
18.3285 	EXP 	test_mean: autoDraw = True
18.3285 	EXP 	test_mean: text = ''
19.6913 	EXP 	Created sequence: random, trialTypes=1, nReps=5, seed=None
19.6915 	EXP 	New trial (rep=0, index=0): None
19.7073 	EXP 	test_mean: autoDraw = False
19.7073 	EXP 	test_mean: autoDraw = False
19.7073 	EXP 	Fixation: autoDraw = True
20.7071 	EXP 	Fixation: autoDraw = False
20.7071 	EXP 	Fixation: autoDraw = False
20.7071 	EXP 	Bodziec: autoDraw = True
22.7223 	DATA 	Keypress: space
22.7399 	EXP 	Bodziec: autoDraw = False
25.1776 	EXP 	Bodziec: autoDraw = False
25.1776 	EXP 	image: image = 'happy.jpg'
25.1776 	EXP 	image: autoDraw = True
25.3234 	EXP 	New trial (rep=1, index=0): None
25.3393 	EXP 	image: autoDraw = False
25.3393 	EXP 	Fixation: autoDraw = True
26.3391 	EXP 	Fixation: autoDraw = False
26.3391 	EXP 	Bodziec: autoDraw = True
28.3296 	DATA 	Keypress: space
28.4532 	EXP 	Bodziec: autoDraw = False
28.4532 	EXP 	image: image = 'happy.jpg'
28.4532 	EXP 	image: autoDraw = True
30.3051 	DATA 	Keypress: escape
30.3543 	EXP 	window1: mouseVisible = True
