1.4848 	WARNING 	Import Error: No module named 'psychtoolbox'. Using event module for keyboard component.
1.4879 	WARNING 	User requested fullscreen with size [1024  768], but screen is actually [1920, 1080]. Using actual size
2.4442 	EXP 	Created window1 = Window(allowGUI=False, allowStencil=False, args=UNKNOWN, autoLog=True, bitsMode=UNKNOWN, blendMode='avg', color=array([0., 0., 0.]), colorSpace='rgb', fullscr=<method-wrapper '__getattribute__' of attributeSetter object at 0x0000027F9B2BCF28>, gamma=None, kwargs=UNKNOWN, lms=UNKNOWN, monitor=<psychopy.monitors.calibTools.Monitor object at 0x0000027F9B2CE400>, multiSample=False, name='window1', numSamples=2, pos=[0.0, 0.0], screen=0, size=array([1920, 1080]), stereo=False, units='height', useFBO=True, useRetina=False, viewOri=0.0, viewPos=None, viewScale=None, waitBlanking=True, winType='pyglet')
2.4442 	EXP 	window1: recordFrameIntervals = False
2.6105 	EXP 	window1: recordFrameIntervals = True
2.7940 	EXP 	window1: recordFrameIntervals = False
2.8449 	EXP 	Created Fixation = TextStim(__class__=<class 'psychopy.visual.text.TextStim'>, alignHoriz='center', alignVert='center', antialias=True, autoLog=True, bold=False, color='white', colorSpace='named', contrast=1.0, depth=0.0, flipHoriz=False, flipVert=False, font='Arial', fontFiles=[], height=0.1, italic=False, languageStyle='LTR', name='Fixation', opacity=1.0, ori=0, pos=array([0., 0.]), rgb=array([255., 255., 255.]), text='+', units='height', win=Window(...), wrapWidth=1)
2.8584 	EXP 	Created Stimulus = TextStim(__class__=<class 'psychopy.visual.text.TextStim'>, alignHoriz='center', alignVert='center', antialias=True, autoLog=True, bold=False, color='white', colorSpace='named', contrast=1.0, depth=0.0, flipHoriz=False, flipVert=False, font='Arial', fontFiles=[], height=0.1, italic=False, languageStyle='LTR', name='Stimulus', opacity=1.0, ori=0, pos=array([0., 0.]), rgb=array([255., 255., 255.]), text='Bodziec ', units='height', win=Window(...), wrapWidth=1)
2.8587 	EXP 	Created test_mean = TextStim(__class__=<class 'psychopy.visual.text.TextStim'>, alignHoriz='center', alignVert='center', antialias=True, autoLog=True, bold=False, color='white', colorSpace='named', contrast=1.0, depth=-1.0, flipHoriz=False, flipVert=False, font='Arial', fontFiles=[], height=0.1, italic=False, languageStyle='LTR', name='test_mean', opacity=1.0, ori=0, pos=array([0., 0.]), rgb=array([255., 255., 255.]), text='', units='height', win=Window(...), wrapWidth=1)
2.8604 	EXP 	Created Fixation = TextStim(__class__=<class 'psychopy.visual.text.TextStim'>, alignHoriz='center', alignVert='center', antialias=True, autoLog=True, bold=False, color='white', colorSpace='named', contrast=1.0, depth=0.0, flipHoriz=False, flipVert=False, font='Arial', fontFiles=[], height=0.1, italic=False, languageStyle='LTR', name='Fixation', opacity=1.0, ori=0, pos=array([0., 0.]), rgb=array([255., 255., 255.]), text='+', units='height', win=Window(...), wrapWidth=1)
2.8851 	EXP 	Created Bodziec = TextStim(__class__=<class 'psychopy.visual.text.TextStim'>, alignHoriz='center', alignVert='center', antialias=True, autoLog=True, bold=False, color='white', colorSpace='named', contrast=1.0, depth=0.0, flipHoriz=False, flipVert=False, font='Arial', fontFiles=[], height=0.1, italic=False, languageStyle='LTR', name='Bodziec', opacity=1.0, ori=0, pos=array([0., 0.]), rgb=array([255., 255., 255.]), text='Any text\n\nincluding line breaks', units='height', win=Window(...), wrapWidth=1)
2.8883 	EXP 	Created image = ImageStim(__class__=<class 'psychopy.visual.image.ImageStim'>, autoLog=True, color=array([1., 1., 1.]), colorSpace='rgb', contrast=1.0, depth=-1.0, flipHoriz=False, flipVert=False, image='sin', interpolate=True, mask=None, maskParams=None, name='image', opacity=1.0, ori=0.0, pos=array([0., 0.]), size=array([0.5, 0.5]), texRes=128, units='height', win=Window(...))
2.8885 	EXP 	Created sequence: random, trialTypes=1, nReps=5, seed=None
2.8887 	EXP 	New trial (rep=0, index=0): None
2.8941 	EXP 	Fixation: autoDraw = True
3.8933 	EXP 	Fixation: autoDraw = False
3.8933 	EXP 	Fixation: autoDraw = False
3.8933 	EXP 	Stimulus: autoDraw = True
5.9051 	DATA 	Keypress: space
5.9057 	EXP 	New trial (rep=1, index=0): None
5.9095 	EXP 	Stimulus: autoDraw = False
5.9095 	EXP 	Fixation: autoDraw = True
6.9260 	EXP 	Fixation: autoDraw = False
6.9260 	EXP 	Stimulus: autoDraw = True
8.9525 	DATA 	Keypress: space
8.9529 	EXP 	New trial (rep=2, index=0): None
8.9567 	EXP 	Stimulus: autoDraw = False
8.9567 	EXP 	Fixation: autoDraw = True
9.9585 	EXP 	Fixation: autoDraw = False
9.9585 	EXP 	Fixation: autoDraw = False
9.9585 	EXP 	Stimulus: autoDraw = True
11.9844 	DATA 	Keypress: space
11.9848 	EXP 	New trial (rep=3, index=0): None
11.9886 	EXP 	Stimulus: autoDraw = False
11.9886 	EXP 	Fixation: autoDraw = True
12.9911 	EXP 	Fixation: autoDraw = False
12.9911 	EXP 	Fixation: autoDraw = False
12.9911 	EXP 	Stimulus: autoDraw = True
15.0170 	DATA 	Keypress: space
15.0174 	EXP 	New trial (rep=4, index=0): None
15.0212 	EXP 	Stimulus: autoDraw = False
15.0212 	EXP 	Fixation: autoDraw = True
16.0237 	EXP 	Fixation: autoDraw = False
16.0237 	EXP 	Fixation: autoDraw = False
16.0237 	EXP 	Stimulus: autoDraw = True
18.0355 	DATA 	Keypress: space
18.0426 	EXP 	Stimulus: autoDraw = False
18.0426 	EXP 	test_mean: autoDraw = True
18.0426 	EXP 	test_mean: text = ''
19.4068 	EXP 	Created sequence: random, trialTypes=1, nReps=5, seed=None
19.4070 	EXP 	New trial (rep=0, index=0): None
19.4230 	EXP 	test_mean: autoDraw = False
19.4230 	EXP 	test_mean: autoDraw = False
19.4230 	EXP 	Fixation: autoDraw = True
20.4227 	EXP 	Fixation: autoDraw = False
20.4227 	EXP 	Fixation: autoDraw = False
20.4227 	EXP 	Bodziec: autoDraw = True
22.4144 	DATA 	Keypress: space
22.4241 	EXP 	Bodziec: autoDraw = False
24.7343 	EXP 	Bodziec: autoDraw = False
24.7343 	EXP 	image: image = 'happy.jpg'
24.7343 	EXP 	image: autoDraw = True
25.0390 	EXP 	New trial (rep=1, index=0): None
25.0551 	EXP 	image: autoDraw = False
25.0551 	EXP 	Fixation: autoDraw = True
26.0547 	EXP 	Fixation: autoDraw = False
26.0547 	EXP 	Bodziec: autoDraw = True
28.0547 	DATA 	Keypress: space
28.1769 	EXP 	Bodziec: autoDraw = False
28.1769 	EXP 	image: image = 'happy.jpg'
28.1769 	EXP 	image: autoDraw = True
30.0376 	EXP 	New trial (rep=2, index=0): None
30.0537 	EXP 	image: autoDraw = False
30.0537 	EXP 	Fixation: autoDraw = True
31.0535 	EXP 	Fixation: autoDraw = False
31.0535 	EXP 	Bodziec: autoDraw = True
33.0528 	DATA 	Keypress: space
33.1748 	EXP 	Bodziec: autoDraw = False
33.1748 	EXP 	image: image = 'happy.jpg'
33.1748 	EXP 	image: autoDraw = True
34.5363 	DATA 	Keypress: space
35.0364 	EXP 	New trial (rep=3, index=0): None
35.0525 	EXP 	image: autoDraw = False
35.0525 	EXP 	Fixation: autoDraw = True
36.0522 	EXP 	Fixation: autoDraw = False
36.0522 	EXP 	Fixation: autoDraw = False
36.0522 	EXP 	Bodziec: autoDraw = True
38.0461 	DATA 	Keypress: escape
38.2129 	EXP 	window1: mouseVisible = True
